{"meta": {"format": 3, "version": "7.10.7", "timestamp": "2025-09-26T23:59:32.848883", "branch_coverage": false, "show_contexts": false}, "files": {"conftest.py": {"executed_lines": [1, 3, 5, 6, 8, 11, 12, 15, 16, 17, 18, 20, 21, 22, 23, 24, 26, 27, 28, 29, 30, 31, 32, 33, 34, 35, 36, 37, 38, 39, 40, 41, 42, 43, 44, 45, 46], "summary": {"covered_lines": 36, "num_statements": 36, "percent_covered": 100.0, "percent_covered_display": "100", "missing_lines": 0, "excluded_lines": 0}, "missing_lines": [], "excluded_lines": [], "functions": {"tmp_workspace": {"executed_lines": [15, 16, 17, 18, 20, 21, 22, 23, 24, 26, 27, 28, 29, 30, 31, 32, 33, 34, 35, 36, 37, 38, 39, 40, 41, 42, 43, 44, 45, 46], "summary": {"covered_lines": 30, "num_statements": 30, "percent_covered": 100.0, "percent_covered_display": "100", "missing_lines": 0, "excluded_lines": 0}, "missing_lines": [], "excluded_lines": []}, "": {"executed_lines": [1, 3, 5, 6, 8, 11, 12], "summary": {"covered_lines": 6, "num_statements": 6, "percent_covered": 100.0, "percent_covered_display": "100", "missing_lines": 0, "excluded_lines": 0}, "missing_lines": [], "excluded_lines": []}}, "classes": {"": {"executed_lines": [1, 3, 5, 6, 8, 11, 12, 15, 16, 17, 18, 20, 21, 22, 23, 24, 26, 27, 28, 29, 30, 31, 32, 33, 34, 35, 36, 37, 38, 39, 40, 41, 42, 43, 44, 45, 46], "summary": {"covered_lines": 36, "num_statements": 36, "percent_covered": 100.0, "percent_covered_display": "100", "missing_lines": 0, "excluded_lines": 0}, "missing_lines": [], "excluded_lines": []}}}, "dash_web.py": {"executed_lines": [], "summary": {"covered_lines": 0, "num_statements": 102, "percent_covered": 0.0, "percent_covered_display": "0", "missing_lines": 102, "excluded_lines": 0}, "missing_lines": [1, 2, 3, 6, 9, 10, 11, 12, 13, 16, 28, 29, 32, 33, 34, 36, 37, 38, 39, 40, 41, 42, 43, 44, 45, 47, 48, 49, 50, 51, 52, 53, 54, 57, 58, 59, 60, 61, 62, 63, 64, 65, 66, 68, 70, 71, 72, 73, 74, 75, 76, 79, 81, 82, 83, 84, 86, 87, 88, 91, 92, 93, 94, 95, 97, 98, 100, 101, 102, 103, 105, 107, 108, 109, 110, 111, 112, 113, 114, 115, 116, 117, 118, 119, 120, 122, 123, 124, 125, 126, 127, 128, 129, 130, 132, 133, 134, 135, 136, 139, 140, 143], "excluded_lines": [], "functions": {"run_step": {"executed_lines": [], "summary": {"covered_lines": 0, "num_statements": 12, "percent_covered": 0.0, "percent_covered_display": "0", "missing_lines": 12, "excluded_lines": 0}, "missing_lines": [33, 34, 36, 37, 38, 39, 40, 41, 42, 43, 44, 45], "excluded_lines": []}, "run_pipeline": {"executed_lines": [], "summary": {"covered_lines": 0, "num_statements": 7, "percent_covered": 0.0, "percent_covered_display": "0", "missing_lines": 7, "excluded_lines": 0}, "missing_lines": [48, 49, 50, 51, 52, 53, 54], "excluded_lines": []}, "stream": {"executed_lines": [], "summary": {"covered_lines": 0, "num_statements": 34, "percent_covered": 0.0, "percent_covered_display": "0", "missing_lines": 34, "excluded_lines": 0}, "missing_lines": [92, 93, 94, 95, 100, 105, 107, 108, 109, 110, 111, 112, 113, 114, 115, 116, 117, 118, 119, 120, 122, 123, 124, 125, 126, 127, 128, 129, 130, 132, 133, 134, 135, 136], "excluded_lines": []}, "stream.on_stage": {"executed_lines": [], "summary": {"covered_lines": 0, "num_statements": 1, "percent_covered": 0.0, "percent_covered_display": "0", "missing_lines": 1, "excluded_lines": 0}, "missing_lines": [97], "excluded_lines": []}, "stream.on_line": {"executed_lines": [], "summary": {"covered_lines": 0, "num_statements": 1, "percent_covered": 0.0, "percent_covered_display": "0", "missing_lines": 1, "excluded_lines": 0}, "missing_lines": [98], "excluded_lines": []}, "stream.worker": {"executed_lines": [], "summary": {"covered_lines": 0, "num_statements": 3, "percent_covered": 0.0, "percent_covered_display": "0", "missing_lines": 3, "excluded_lines": 0}, "missing_lines": [101, 102, 103], "excluded_lines": []}, "": {"executed_lines": [], "summary": {"covered_lines": 0, "num_statements": 44, "percent_covered": 0.0, "percent_covered_display": "0", "missing_lines": 44, "excluded_lines": 0}, "missing_lines": [1, 2, 3, 6, 9, 10, 11, 12, 13, 16, 28, 29, 32, 47, 57, 58, 59, 60, 61, 62, 63, 64, 65, 66, 68, 70, 71, 72, 73, 74, 75, 76, 79, 81, 82, 83, 84, 86, 87, 88, 91, 139, 140, 143], "excluded_lines": []}}, "classes": {"": {"executed_lines": [], "summary": {"covered_lines": 0, "num_statements": 102, "percent_covered": 0.0, "percent_covered_display": "0", "missing_lines": 102, "excluded_lines": 0}, "missing_lines": [1, 2, 3, 6, 9, 10, 11, 12, 13, 16, 28, 29, 32, 33, 34, 36, 37, 38, 39, 40, 41, 42, 43, 44, 45, 47, 48, 49, 50, 51, 52, 53, 54, 57, 58, 59, 60, 61, 62, 63, 64, 65, 66, 68, 70, 71, 72, 73, 74, 75, 76, 79, 81, 82, 83, 84, 86, 87, 88, 91, 92, 93, 94, 95, 97, 98, 100, 101, 102, 103, 105, 107, 108, 109, 110, 111, 112, 113, 114, 115, 116, 117, 118, 119, 120, 122, 123, 124, 125, 126, 127, 128, 129, 130, 132, 133, 134, 135, 136, 139, 140, 143], "excluded_lines": []}}}, "devmind.py": {"executed_lines": [], "summary": {"covered_lines": 0, "num_statements": 613, "percent_covered": 0.0, "percent_covered_display": "0", "missing_lines": 613, "excluded_lines": 40}, "missing_lines": [7, 9, 10, 11, 12, 13, 14, 15, 16, 17, 18, 19, 20, 21, 22, 23, 24, 25, 27, 29, 31, 32, 50, 51, 52, 53, 54, 55, 56, 58, 81, 121, 134, 147, 160, 163, 166, 169, 170, 171, 172, 173, 174, 175, 176, 177, 183, 186, 189, 190, 193, 196, 204, 205, 206, 207, 210, 213, 214, 216, 217, 218, 219, 220, 229, 232, 233, 234, 237, 240, 241, 244, 247, 248, 251, 254, 255, 256, 257, 258, 259, 260, 261, 262, 265, 268, 269, 270, 271, 273, 274, 275, 276, 277, 282, 285, 286, 287, 288, 289, 290, 291, 292, 295, 298, 299, 300, 301, 302, 303, 304, 305, 306, 309, 312, 315, 316, 317, 318, 319, 320, 321, 326, 329, 330, 331, 332, 335, 338, 339, 340, 341, 342, 343, 344, 345, 346, 347, 348, 349, 350, 351, 352, 353, 355, 358, 359, 362, 365, 368, 371, 372, 374, 375, 378, 381, 384, 387, 398, 400, 401, 405, 406, 407, 408, 411, 413, 414, 415, 419, 421, 422, 423, 425, 426, 428, 429, 431, 432, 440, 443, 444, 445, 446, 447, 448, 449, 450, 453, 456, 457, 458, 459, 462, 465, 466, 467, 469, 470, 471, 472, 473, 474, 475, 476, 477, 478, 479, 480, 481, 482, 484, 485, 499, 500, 501, 503, 504, 505, 506, 507, 509, 510, 512, 513, 514, 515, 517, 518, 519, 520, 522, 523, 524, 525, 526, 528, 529, 530, 531, 532, 534, 535, 536, 537, 539, 540, 541, 542, 544, 546, 547, 548, 549, 550, 551, 552, 553, 554, 555, 563, 566, 567, 570, 573, 574, 575, 576, 577, 578, 579, 580, 581, 582, 583, 584, 585, 586, 587, 588, 589, 591, 592, 593, 595, 596, 597, 600, 610, 613, 616, 617, 618, 619, 620, 621, 623, 624, 625, 627, 628, 629, 630, 631, 632, 633, 644, 645, 646, 647, 648, 649, 651, 652, 654, 655, 657, 658, 659, 660, 661, 662, 663, 664, 665, 666, 668, 669, 670, 672, 673, 674, 676, 677, 678, 679, 680, 681, 682, 683, 685, 687, 688, 689, 690, 691, 692, 693, 694, 696, 697, 698, 699, 700, 701, 703, 704, 715, 729, 732, 733, 734, 735, 736, 737, 738, 741, 744, 745, 746, 749, 752, 753, 754, 755, 756, 759, 762, 763, 764, 765, 767, 769, 770, 771, 772, 773, 774, 775, 776, 777, 780, 783, 803, 804, 808, 809, 810, 811, 812, 813, 814, 815, 825, 826, 827, 828, 830, 831, 832, 833, 834, 835, 836, 837, 838, 839, 840, 841, 842, 843, 844, 845, 853, 855, 856, 857, 858, 859, 860, 862, 863, 864, 881, 882, 883, 884, 894, 895, 896, 898, 899, 900, 905, 908, 909, 910, 911, 912, 915, 916, 917, 919, 920, 921, 922, 923, 924, 925, 926, 927, 929, 930, 931, 932, 935, 936, 937, 938, 944, 945, 946, 949, 950, 951, 952, 953, 954, 955, 956, 958, 960, 961, 962, 963, 968, 969, 970, 971, 972, 973, 979, 980, 981, 992, 993, 994, 995, 997, 998, 1000, 1001, 1003, 1004, 1005, 1006, 1007, 1008, 1009, 1010, 1011, 1012, 1024, 1026, 1027, 1028, 1029, 1031, 1032, 1033, 1036, 1037, 1039, 1040, 1042, 1043, 1044, 1045, 1077, 1080, 1083, 1093, 1094, 1095, 1096, 1097, 1098, 1099, 1100, 1101, 1102, 1103, 1104, 1105, 1106, 1107, 1108, 1109, 1110, 1111, 1112, 1113, 1114, 1117, 1120, 1138, 1142, 1145, 1148, 1149, 1151, 1155, 1168, 1169, 1170, 1171, 1174, 1175, 1176, 1178, 1179, 1180, 1182, 1250, 1251, 1253, 1262, 1267, 1268, 1269, 1270, 1271, 1272, 1274, 1279, 1280, 1281, 1284, 1285, 1286, 1287, 1289, 1294, 1295, 1296, 1297, 1298, 1299, 1300, 1301, 1302, 1303, 1304, 1307, 1308, 1314, 1317, 1318, 1319, 1320, 1321, 1324, 1325], "excluded_lines": [33, 34, 36, 37, 38, 40, 41, 42, 221, 222, 223, 224, 225, 226, 278, 279, 307, 308, 322, 323, 409, 410, 718, 719, 720, 721, 786, 787, 788, 789, 790, 791, 792, 793, 794, 795, 885, 886, 1062, 1063], "functions": {"ensure_cache_dir": {"executed_lines": [], "summary": {"covered_lines": 0, "num_statements": 1, "percent_covered": 0.0, "percent_covered_display": "0", "missing_lines": 1, "excluded_lines": 0}, "missing_lines": [163], "excluded_lines": []}, "parse_size_limit": {"executed_lines": [], "summary": {"covered_lines": 0, "num_statements": 10, "percent_covered": 0.0, "percent_covered_display": "0", "missing_lines": 10, "excluded_lines": 0}, "missing_lines": [169, 170, 171, 172, 173, 174, 175, 176, 177, 183], "excluded_lines": []}, "sanitize_path": {"executed_lines": [], "summary": {"covered_lines": 0, "num_statements": 2, "percent_covered": 0.0, "percent_covered_display": "0", "missing_lines": 2, "excluded_lines": 0}, "missing_lines": [189, 190], "excluded_lines": []}, "mask_sensitive_text": {"executed_lines": [], "summary": {"covered_lines": 0, "num_statements": 5, "percent_covered": 0.0, "percent_covered_display": "0", "missing_lines": 5, "excluded_lines": 0}, "missing_lines": [196, 204, 205, 206, 207], "excluded_lines": []}, "compute_blake7": {"executed_lines": [], "summary": {"covered_lines": 0, "num_statements": 7, "percent_covered": 0.0, "percent_covered_display": "0", "missing_lines": 7, "excluded_lines": 6}, "missing_lines": [213, 214, 216, 217, 218, 219, 220], "excluded_lines": [221, 222, 223, 224, 225, 226]}, "sha256_string": {"executed_lines": [], "summary": {"covered_lines": 0, "num_statements": 3, "percent_covered": 0.0, "percent_covered_display": "0", "missing_lines": 3, "excluded_lines": 0}, "missing_lines": [232, 233, 234], "excluded_lines": []}, "infer_mimetype": {"executed_lines": [], "summary": {"covered_lines": 0, "num_statements": 2, "percent_covered": 0.0, "percent_covered_display": "0", "missing_lines": 2, "excluded_lines": 0}, "missing_lines": [240, 241], "excluded_lines": []}, "dir_hint": {"executed_lines": [], "summary": {"covered_lines": 0, "num_statements": 2, "percent_covered": 0.0, "percent_covered_display": "0", "missing_lines": 2, "excluded_lines": 0}, "missing_lines": [247, 248], "excluded_lines": []}, "extract_imports": {"executed_lines": [], "summary": {"covered_lines": 0, "num_statements": 9, "percent_covered": 0.0, "percent_covered_display": "0", "missing_lines": 9, "excluded_lines": 0}, "missing_lines": [254, 255, 256, 257, 258, 259, 260, 261, 262], "excluded_lines": []}, "extract_python_docstring": {"executed_lines": [], "summary": {"covered_lines": 0, "num_statements": 9, "percent_covered": 0.0, "percent_covered_display": "0", "missing_lines": 9, "excluded_lines": 2}, "missing_lines": [268, 269, 270, 271, 273, 274, 275, 276, 277], "excluded_lines": [278, 279]}, "extract_markdown_headings": {"executed_lines": [], "summary": {"covered_lines": 0, "num_statements": 8, "percent_covered": 0.0, "percent_covered_display": "0", "missing_lines": 8, "excluded_lines": 0}, "missing_lines": [285, 286, 287, 288, 289, 290, 291, 292], "excluded_lines": []}, "extract_json_keys": {"executed_lines": [], "summary": {"covered_lines": 0, "num_statements": 10, "percent_covered": 0.0, "percent_covered_display": "0", "missing_lines": 10, "excluded_lines": 2}, "missing_lines": [298, 299, 300, 301, 302, 303, 304, 305, 306, 309], "excluded_lines": [307, 308]}, "extract_csv_header": {"executed_lines": [], "summary": {"covered_lines": 0, "num_statements": 7, "percent_covered": 0.0, "percent_covered_display": "0", "missing_lines": 7, "excluded_lines": 2}, "missing_lines": [315, 316, 317, 318, 319, 320, 321], "excluded_lines": [322, 323]}, "read_sample": {"executed_lines": [], "summary": {"covered_lines": 0, "num_statements": 4, "percent_covered": 0.0, "percent_covered_display": "0", "missing_lines": 4, "excluded_lines": 0}, "missing_lines": [329, 330, 331, 332], "excluded_lines": []}, "DocumentRecord.to_json": {"executed_lines": [], "summary": {"covered_lines": 0, "num_statements": 2, "percent_covered": 0.0, "percent_covered_display": "0", "missing_lines": 2, "excluded_lines": 0}, "missing_lines": [358, 359], "excluded_lines": []}, "record_from_entry": {"executed_lines": [], "summary": {"covered_lines": 0, "num_statements": 1, "percent_covered": 0.0, "percent_covered_display": "0", "missing_lines": 1, "excluded_lines": 0}, "missing_lines": [365], "excluded_lines": []}, "ScanCache.__init__": {"executed_lines": [], "summary": {"covered_lines": 0, "num_statements": 8, "percent_covered": 0.0, "percent_covered_display": "0", "missing_lines": 8, "excluded_lines": 0}, "missing_lines": [372, 374, 375, 378, 381, 384, 387, 398], "excluded_lines": []}, "ScanCache.load": {"executed_lines": [], "summary": {"covered_lines": 0, "num_statements": 6, "percent_covered": 0.0, "percent_covered_display": "0", "missing_lines": 6, "excluded_lines": 2}, "missing_lines": [401, 405, 406, 407, 408, 411], "excluded_lines": [409, 410]}, "ScanCache.save": {"executed_lines": [], "summary": {"covered_lines": 0, "num_statements": 3, "percent_covered": 0.0, "percent_covered_display": "0", "missing_lines": 3, "excluded_lines": 0}, "missing_lines": [414, 415, 419], "excluded_lines": []}, "ScanCache.close": {"executed_lines": [], "summary": {"covered_lines": 0, "num_statements": 2, "percent_covered": 0.0, "percent_covered_display": "0", "missing_lines": 2, "excluded_lines": 0}, "missing_lines": [422, 423], "excluded_lines": []}, "ScanCache.__enter__": {"executed_lines": [], "summary": {"covered_lines": 0, "num_statements": 1, "percent_covered": 0.0, "percent_covered_display": "0", "missing_lines": 1, "excluded_lines": 0}, "missing_lines": [426], "excluded_lines": []}, "ScanCache.__exit__": {"executed_lines": [], "summary": {"covered_lines": 0, "num_statements": 1, "percent_covered": 0.0, "percent_covered_display": "0", "missing_lines": 1, "excluded_lines": 0}, "missing_lines": [429], "excluded_lines": []}, "ScanCache.__del__": {"executed_lines": [], "summary": {"covered_lines": 0, "num_statements": 1, "percent_covered": 0.0, "percent_covered_display": "0", "missing_lines": 1, "excluded_lines": 0}, "missing_lines": [432], "excluded_lines": []}, "RuleEngine.__init__": {"executed_lines": [], "summary": {"covered_lines": 0, "num_statements": 2, "percent_covered": 0.0, "percent_covered_display": "0", "missing_lines": 2, "excluded_lines": 0}, "missing_lines": [466, 467], "excluded_lines": []}, "RuleEngine.from_config": {"executed_lines": [], "summary": {"covered_lines": 0, "num_statements": 17, "percent_covered": 0.0, "percent_covered_display": "0", "missing_lines": 17, "excluded_lines": 0}, "missing_lines": [471, 472, 473, 474, 475, 476, 477, 478, 479, 480, 481, 482, 484, 485, 499, 500, 501], "excluded_lines": []}, "RuleEngine.score_bucket": {"executed_lines": [], "summary": {"covered_lines": 0, "num_statements": 33, "percent_covered": 0.0, "percent_covered_display": "0", "missing_lines": 33, "excluded_lines": 0}, "missing_lines": [504, 505, 506, 507, 509, 510, 512, 513, 514, 515, 517, 518, 519, 520, 522, 523, 524, 525, 526, 528, 529, 530, 531, 532, 534, 535, 536, 537, 539, 540, 541, 542, 544], "excluded_lines": []}, "RuleEngine.classify": {"executed_lines": [], "summary": {"covered_lines": 0, "num_statements": 9, "percent_covered": 0.0, "percent_covered_display": "0", "missing_lines": 9, "excluded_lines": 0}, "missing_lines": [547, 548, 549, 550, 551, 552, 553, 554, 555], "excluded_lines": []}, "normalize_label": {"executed_lines": [], "summary": {"covered_lines": 0, "num_statements": 2, "percent_covered": 0.0, "percent_covered_display": "0", "missing_lines": 2, "excluded_lines": 0}, "missing_lines": [566, 567], "excluded_lines": []}, "simple_cluster": {"executed_lines": [], "summary": {"covered_lines": 0, "num_statements": 25, "percent_covered": 0.0, "percent_covered_display": "0", "missing_lines": 25, "excluded_lines": 0}, "missing_lines": [573, 574, 575, 576, 577, 578, 579, 580, 581, 582, 583, 584, 585, 586, 587, 588, 589, 591, 592, 593, 595, 596, 597, 600, 610], "excluded_lines": []}, "local_cluster": {"executed_lines": [], "summary": {"covered_lines": 0, "num_statements": 68, "percent_covered": 0.0, "percent_covered_display": "0", "missing_lines": 68, "excluded_lines": 0}, "missing_lines": [616, 617, 618, 619, 620, 621, 623, 624, 625, 627, 628, 629, 630, 631, 632, 633, 644, 645, 646, 647, 648, 649, 651, 652, 654, 655, 657, 658, 659, 660, 661, 662, 663, 664, 665, 666, 668, 669, 670, 672, 673, 674, 676, 677, 678, 679, 680, 681, 682, 683, 685, 687, 688, 689, 690, 691, 692, 693, 694, 696, 697, 698, 699, 700, 701, 703, 704, 715], "excluded_lines": []}, "gpt_cluster": {"executed_lines": [], "summary": {"covered_lines": 0, "num_statements": 0, "percent_covered": 100.0, "percent_covered_display": "100", "missing_lines": 0, "excluded_lines": 3}, "missing_lines": [], "excluded_lines": [719, 720, 721]}, "load_schema": {"executed_lines": [], "summary": {"covered_lines": 0, "num_statements": 7, "percent_covered": 0.0, "percent_covered_display": "0", "missing_lines": 7, "excluded_lines": 0}, "missing_lines": [732, 733, 734, 735, 736, 737, 738], "excluded_lines": []}, "ensure_schema": {"executed_lines": [], "summary": {"covered_lines": 0, "num_statements": 3, "percent_covered": 0.0, "percent_covered_display": "0", "missing_lines": 3, "excluded_lines": 0}, "missing_lines": [744, 745, 746], "excluded_lines": []}, "resolve_bucket_directory": {"executed_lines": [], "summary": {"covered_lines": 0, "num_statements": 5, "percent_covered": 0.0, "percent_covered_display": "0", "missing_lines": 5, "excluded_lines": 0}, "missing_lines": [752, 753, 754, 755, 756], "excluded_lines": []}, "versioned_destination": {"executed_lines": [], "summary": {"covered_lines": 0, "num_statements": 14, "percent_covered": 0.0, "percent_covered_display": "0", "missing_lines": 14, "excluded_lines": 0}, "missing_lines": [762, 763, 764, 765, 767, 769, 770, 771, 772, 773, 774, 775, 776, 777], "excluded_lines": []}, "now_ms": {"executed_lines": [], "summary": {"covered_lines": 0, "num_statements": 1, "percent_covered": 0.0, "percent_covered_display": "0", "missing_lines": 1, "excluded_lines": 0}, "missing_lines": [783], "excluded_lines": []}, "emit_console_table": {"executed_lines": [], "summary": {"covered_lines": 0, "num_statements": 0, "percent_covered": 100.0, "percent_covered_display": "100", "missing_lines": 0, "excluded_lines": 9}, "missing_lines": [], "excluded_lines": [787, 788, 789, 790, 791, 792, 793, 794, 795]}, "cli": {"executed_lines": [], "summary": {"covered_lines": 0, "num_statements": 0, "percent_covered": 100.0, "percent_covered_display": "100", "missing_lines": 0, "excluded_lines": 0}, "missing_lines": [], "excluded_lines": []}, "scan": {"executed_lines": [], "summary": {"covered_lines": 0, "num_statements": 41, "percent_covered": 0.0, "percent_covered_display": "0", "missing_lines": 41, "excluded_lines": 2}, "missing_lines": [825, 826, 827, 828, 830, 831, 832, 833, 834, 835, 836, 837, 838, 839, 840, 841, 842, 843, 844, 845, 853, 855, 856, 857, 858, 859, 860, 862, 863, 864, 881, 882, 883, 884, 894, 895, 896, 898, 899, 900, 905], "excluded_lines": [885, 886]}, "rules": {"executed_lines": [], "summary": {"covered_lines": 0, "num_statements": 16, "percent_covered": 0.0, "percent_covered_display": "0", "missing_lines": 16, "excluded_lines": 0}, "missing_lines": [915, 916, 917, 919, 920, 921, 922, 923, 924, 925, 926, 927, 929, 930, 931, 932], "excluded_lines": []}, "cluster": {"executed_lines": [], "summary": {"covered_lines": 0, "num_statements": 13, "percent_covered": 0.0, "percent_covered_display": "0", "missing_lines": 13, "excluded_lines": 0}, "missing_lines": [949, 950, 951, 952, 953, 954, 955, 956, 958, 960, 961, 962, 963], "excluded_lines": []}, "organize": {"executed_lines": [], "summary": {"covered_lines": 0, "num_statements": 35, "percent_covered": 0.0, "percent_covered_display": "0", "missing_lines": 35, "excluded_lines": 2}, "missing_lines": [992, 993, 994, 995, 997, 998, 1000, 1001, 1003, 1004, 1005, 1006, 1007, 1008, 1009, 1010, 1011, 1012, 1024, 1026, 1027, 1028, 1029, 1031, 1032, 1033, 1036, 1037, 1039, 1040, 1042, 1043, 1044, 1045, 1077], "excluded_lines": [1062, 1063]}, "summarise_journal": {"executed_lines": [], "summary": {"covered_lines": 0, "num_statements": 23, "percent_covered": 0.0, "percent_covered_display": "0", "missing_lines": 23, "excluded_lines": 0}, "missing_lines": [1083, 1093, 1094, 1095, 1096, 1097, 1098, 1099, 1100, 1101, 1102, 1103, 1104, 1105, 1106, 1107, 1108, 1109, 1110, 1111, 1112, 1113, 1114], "excluded_lines": []}, "build_report_cards": {"executed_lines": [], "summary": {"covered_lines": 0, "num_statements": 3, "percent_covered": 0.0, "percent_covered_display": "0", "missing_lines": 3, "excluded_lines": 0}, "missing_lines": [1120, 1138, 1142], "excluded_lines": []}, "build_table": {"executed_lines": [], "summary": {"covered_lines": 0, "num_statements": 4, "percent_covered": 0.0, "percent_covered_display": "0", "missing_lines": 4, "excluded_lines": 0}, "missing_lines": [1148, 1149, 1151, 1155], "excluded_lines": []}, "report": {"executed_lines": [], "summary": {"covered_lines": 0, "num_statements": 18, "percent_covered": 0.0, "percent_covered_display": "0", "missing_lines": 18, "excluded_lines": 0}, "missing_lines": [1174, 1175, 1176, 1178, 1179, 1180, 1182, 1250, 1251, 1253, 1262, 1267, 1268, 1269, 1270, 1271, 1272, 1274], "excluded_lines": []}, "rollback": {"executed_lines": [], "summary": {"covered_lines": 0, "num_statements": 16, "percent_covered": 0.0, "percent_covered_display": "0", "missing_lines": 16, "excluded_lines": 0}, "missing_lines": [1284, 1285, 1286, 1287, 1289, 1294, 1295, 1296, 1297, 1298, 1299, 1300, 1301, 1302, 1303, 1304], "excluded_lines": []}, "logistics_validate": {"executed_lines": [], "summary": {"covered_lines": 0, "num_statements": 5, "percent_covered": 0.0, "percent_covered_display": "0", "missing_lines": 5, "excluded_lines": 0}, "missing_lines": [1317, 1318, 1319, 1320, 1321], "excluded_lines": []}, "": {"executed_lines": [], "summary": {"covered_lines": 0, "num_statements": 149, "percent_covered": 0.0, "percent_covered_display": "0", "missing_lines": 149, "excluded_lines": 10}, "missing_lines": [7, 9, 10, 11, 12, 13, 14, 15, 16, 17, 18, 19, 20, 21, 22, 23, 24, 25, 27, 29, 31, 32, 50, 51, 52, 53, 54, 55, 56, 58, 81, 121, 134, 147, 160, 166, 186, 193, 210, 229, 237, 244, 251, 265, 282, 295, 312, 326, 335, 338, 339, 340, 341, 342, 343, 344, 345, 346, 347, 348, 349, 350, 351, 352, 353, 355, 362, 368, 371, 400, 413, 421, 425, 428, 431, 440, 443, 444, 445, 446, 447, 448, 449, 450, 453, 456, 457, 458, 459, 462, 465, 469, 470, 503, 546, 563, 570, 613, 729, 741, 749, 759, 780, 803, 804, 808, 809, 810, 811, 812, 813, 814, 815, 908, 909, 910, 911, 912, 935, 936, 937, 938, 944, 945, 946, 968, 969, 970, 971, 972, 973, 979, 980, 981, 1080, 1117, 1145, 1168, 1169, 1170, 1171, 1279, 1280, 1281, 1307, 1308, 1314, 1324, 1325], "excluded_lines": [33, 34, 36, 37, 38, 40, 41, 42, 718, 786]}}, "classes": {"DocumentRecord": {"executed_lines": [], "summary": {"covered_lines": 0, "num_statements": 2, "percent_covered": 0.0, "percent_covered_display": "0", "missing_lines": 2, "excluded_lines": 0}, "missing_lines": [358, 359], "excluded_lines": []}, "ScanCache": {"executed_lines": [], "summary": {"covered_lines": 0, "num_statements": 22, "percent_covered": 0.0, "percent_covered_display": "0", "missing_lines": 22, "excluded_lines": 2}, "missing_lines": [372, 374, 375, 378, 381, 384, 387, 398, 401, 405, 406, 407, 408, 411, 414, 415, 419, 422, 423, 426, 429, 432], "excluded_lines": [409, 410]}, "RuleBucket": {"executed_lines": [], "summary": {"covered_lines": 0, "num_statements": 0, "percent_covered": 100.0, "percent_covered_display": "100", "missing_lines": 0, "excluded_lines": 0}, "missing_lines": [], "excluded_lines": []}, "RuleWeights": {"executed_lines": [], "summary": {"covered_lines": 0, "num_statements": 0, "percent_covered": 100.0, "percent_covered_display": "100", "missing_lines": 0, "excluded_lines": 0}, "missing_lines": [], "excluded_lines": []}, "RuleEngine": {"executed_lines": [], "summary": {"covered_lines": 0, "num_statements": 61, "percent_covered": 0.0, "percent_covered_display": "0", "missing_lines": 61, "excluded_lines": 0}, "missing_lines": [466, 467, 471, 472, 473, 474, 475, 476, 477, 478, 479, 480, 481, 482, 484, 485, 499, 500, 501, 504, 505, 506, 507, 509, 510, 512, 513, 514, 515, 517, 518, 519, 520, 522, 523, 524, 525, 526, 528, 529, 530, 531, 532, 534, 535, 536, 537, 539, 540, 541, 542, 544, 547, 548, 549, 550, 551, 552, 553, 554, 555], "excluded_lines": []}, "": {"executed_lines": [], "summary": {"covered_lines": 0, "num_statements": 528, "percent_covered": 0.0, "percent_covered_display": "0", "missing_lines": 528, "excluded_lines": 38}, "missing_lines": [7, 9, 10, 11, 12, 13, 14, 15, 16, 17, 18, 19, 20, 21, 22, 23, 24, 25, 27, 29, 31, 32, 50, 51, 52, 53, 54, 55, 56, 58, 81, 121, 134, 147, 160, 163, 166, 169, 170, 171, 172, 173, 174, 175, 176, 177, 183, 186, 189, 190, 193, 196, 204, 205, 206, 207, 210, 213, 214, 216, 217, 218, 219, 220, 229, 232, 233, 234, 237, 240, 241, 244, 247, 248, 251, 254, 255, 256, 257, 258, 259, 260, 261, 262, 265, 268, 269, 270, 271, 273, 274, 275, 276, 277, 282, 285, 286, 287, 288, 289, 290, 291, 292, 295, 298, 299, 300, 301, 302, 303, 304, 305, 306, 309, 312, 315, 316, 317, 318, 319, 320, 321, 326, 329, 330, 331, 332, 335, 338, 339, 340, 341, 342, 343, 344, 345, 346, 347, 348, 349, 350, 351, 352, 353, 355, 362, 365, 368, 371, 400, 413, 421, 425, 428, 431, 440, 443, 444, 445, 446, 447, 448, 449, 450, 453, 456, 457, 458, 459, 462, 465, 469, 470, 503, 546, 563, 566, 567, 570, 573, 574, 575, 576, 577, 578, 579, 580, 581, 582, 583, 584, 585, 586, 587, 588, 589, 591, 592, 593, 595, 596, 597, 600, 610, 613, 616, 617, 618, 619, 620, 621, 623, 624, 625, 627, 628, 629, 630, 631, 632, 633, 644, 645, 646, 647, 648, 649, 651, 652, 654, 655, 657, 658, 659, 660, 661, 662, 663, 664, 665, 666, 668, 669, 670, 672, 673, 674, 676, 677, 678, 679, 680, 681, 682, 683, 685, 687, 688, 689, 690, 691, 692, 693, 694, 696, 697, 698, 699, 700, 701, 703, 704, 715, 729, 732, 733, 734, 735, 736, 737, 738, 741, 744, 745, 746, 749, 752, 753, 754, 755, 756, 759, 762, 763, 764, 765, 767, 769, 770, 771, 772, 773, 774, 775, 776, 777, 780, 783, 803, 804, 808, 809, 810, 811, 812, 813, 814, 815, 825, 826, 827, 828, 830, 831, 832, 833, 834, 835, 836, 837, 838, 839, 840, 841, 842, 843, 844, 845, 853, 855, 856, 857, 858, 859, 860, 862, 863, 864, 881, 882, 883, 884, 894, 895, 896, 898, 899, 900, 905, 908, 909, 910, 911, 912, 915, 916, 917, 919, 920, 921, 922, 923, 924, 925, 926, 927, 929, 930, 931, 932, 935, 936, 937, 938, 944, 945, 946, 949, 950, 951, 952, 953, 954, 955, 956, 958, 960, 961, 962, 963, 968, 969, 970, 971, 972, 973, 979, 980, 981, 992, 993, 994, 995, 997, 998, 1000, 1001, 1003, 1004, 1005, 1006, 1007, 1008, 1009, 1010, 1011, 1012, 1024, 1026, 1027, 1028, 1029, 1031, 1032, 1033, 1036, 1037, 1039, 1040, 1042, 1043, 1044, 1045, 1077, 1080, 1083, 1093, 1094, 1095, 1096, 1097, 1098, 1099, 1100, 1101, 1102, 1103, 1104, 1105, 1106, 1107, 1108, 1109, 1110, 1111, 1112, 1113, 1114, 1117, 1120, 1138, 1142, 1145, 1148, 1149, 1151, 1155, 1168, 1169, 1170, 1171, 1174, 1175, 1176, 1178, 1179, 1180, 1182, 1250, 1251, 1253, 1262, 1267, 1268, 1269, 1270, 1271, 1272, 1274, 1279, 1280, 1281, 1284, 1285, 1286, 1287, 1289, 1294, 1295, 1296, 1297, 1298, 1299, 1300, 1301, 1302, 1303, 1304, 1307, 1308, 1314, 1317, 1318, 1319, 1320, 1321, 1324, 1325], "excluded_lines": [33, 34, 36, 37, 38, 40, 41, 42, 221, 222, 223, 224, 225, 226, 278, 279, 307, 308, 322, 323, 718, 719, 720, 721, 786, 787, 788, 789, 790, 791, 792, 793, 794, 795, 885, 886, 1062, 1063]}}}, "logi\\__init__.py": {"executed_lines": [1, 3, 5, 6, 14], "summary": {"covered_lines": 4, "num_statements": 4, "percent_covered": 100.0, "percent_covered_display": "100", "missing_lines": 0, "excluded_lines": 0}, "missing_lines": [], "excluded_lines": [], "functions": {"": {"executed_lines": [1, 3, 5, 6, 14], "summary": {"covered_lines": 4, "num_statements": 4, "percent_covered": 100.0, "percent_covered_display": "100", "missing_lines": 0, "excluded_lines": 0}, "missing_lines": [], "excluded_lines": []}}, "classes": {"": {"executed_lines": [1, 3, 5, 6, 14], "summary": {"covered_lines": 4, "num_statements": 4, "percent_covered": 100.0, "percent_covered_display": "100", "missing_lines": 0, "excluded_lines": 0}, "missing_lines": [], "excluded_lines": []}}}, "logi\\base.py": {"executed_lines": [1, 3, 5, 7, 8, 11, 12, 13, 16, 26, 27, 29, 30, 31, 33, 36, 38, 39, 41, 43, 44, 45, 46, 47, 48, 57, 58, 61, 62, 65, 76], "summary": {"covered_lines": 24, "num_statements": 43, "percent_covered": 55.81395348837209, "percent_covered_display": "56", "missing_lines": 19, "excluded_lines": 7}, "missing_lines": [18, 21, 23, 49, 50, 51, 52, 54, 56, 59, 63, 66, 67, 68, 69, 70, 71, 72, 73], "excluded_lines": [7, 8, 9, 10, 11, 12, 13], "functions": {"": {"executed_lines": [1, 3, 5, 7, 8, 11, 12, 13, 16, 26, 27, 29, 30, 31, 33, 36, 38, 39, 41, 43, 44, 45, 46, 47, 48, 57, 58, 61, 62, 65, 76], "summary": {"covered_lines": 24, "num_statements": 43, "percent_covered": 55.81395348837209, "percent_covered_display": "56", "missing_lines": 19, "excluded_lines": 7}, "missing_lines": [18, 21, 23, 49, 50, 51, 52, 54, 56, 59, 63, 66, 67, 68, 69, 70, 71, 72, 73], "excluded_lines": [7, 8, 9, 10, 11, 12, 13]}}, "classes": {"LogiBaseModel": {"executed_lines": [], "summary": {"covered_lines": 0, "num_statements": 0, "percent_covered": 100.0, "percent_covered_display": "100", "missing_lines": 0, "excluded_lines": 0}, "missing_lines": [], "excluded_lines": []}, "": {"executed_lines": [1, 3, 5, 7, 8, 11, 12, 13, 16, 26, 27, 29, 30, 31, 33, 36, 38, 39, 41, 43, 44, 45, 46, 47, 48, 57, 58, 61, 62, 65, 76], "summary": {"covered_lines": 24, "num_statements": 43, "percent_covered": 55.81395348837209, "percent_covered_display": "56", "missing_lines": 19, "excluded_lines": 7}, "missing_lines": [18, 21, 23, 49, 50, 51, 52, 54, 56, 59, 63, 66, 67, 68, 69, 70, 71, 72, 73], "excluded_lines": [7, 8, 9, 10, 11, 12, 13]}}}, "logi\\logistics.py": {"executed_lines": [1, 3, 5, 6, 7, 9, 11, 14, 15, 17, 18, 19, 20, 22, 23, 26, 27, 35, 38, 39, 41, 42, 43, 44, 47, 50, 51, 53, 54, 55, 56, 59, 62, 63, 64, 67, 68, 70, 71, 72, 73, 75, 76, 77, 78, 79, 81, 82, 83, 85, 87, 88, 90, 93, 95, 106], "summary": {"covered_lines": 53, "num_statements": 60, "percent_covered": 88.33333333333333, "percent_covered_display": "88", "missing_lines": 7, "excluded_lines": 2}, "missing_lines": [28, 29, 30, 40, 52, 86, 98], "excluded_lines": [31, 32], "functions": {"Currency.from_value": {"executed_lines": [26, 27], "summary": {"covered_lines": 2, "num_statements": 5, "percent_covered": 40.0, "percent_covered_display": "40", "missing_lines": 3, "excluded_lines": 2}, "missing_lines": [28, 29, 30], "excluded_lines": [31, 32]}, "validate_incoterm": {"executed_lines": [38, 39, 41, 42, 43, 44], "summary": {"covered_lines": 6, "num_statements": 7, "percent_covered": 85.71428571428571, "percent_covered_display": "86", "missing_lines": 1, "excluded_lines": 0}, "missing_lines": [40], "excluded_lines": []}, "validate_hs_code": {"executed_lines": [50, 51, 53, 54, 55, 56], "summary": {"covered_lines": 6, "num_statements": 7, "percent_covered": 85.71428571428571, "percent_covered_display": "86", "missing_lines": 1, "excluded_lines": 0}, "missing_lines": [52], "excluded_lines": []}, "hs_description": {"executed_lines": [62, 63, 64], "summary": {"covered_lines": 3, "num_statements": 3, "percent_covered": 100.0, "percent_covered_display": "100", "missing_lines": 0, "excluded_lines": 0}, "missing_lines": [], "excluded_lines": []}, "LogisticsMetadata.__init__": {"executed_lines": [76, 77, 78, 79, 81, 82, 83, 85, 87, 88], "summary": {"covered_lines": 10, "num_statements": 11, "percent_covered": 90.9090909090909, "percent_covered_display": "91", "missing_lines": 1, "excluded_lines": 0}, "missing_lines": [86], "excluded_lines": []}, "LogisticsMetadata.formatted_declared_value": {"executed_lines": [93], "summary": {"covered_lines": 1, "num_statements": 1, "percent_covered": 100.0, "percent_covered_display": "100", "missing_lines": 0, "excluded_lines": 0}, "missing_lines": [], "excluded_lines": []}, "LogisticsMetadata.summary": {"executed_lines": [], "summary": {"covered_lines": 0, "num_statements": 1, "percent_covered": 0.0, "percent_covered_display": "0", "missing_lines": 1, "excluded_lines": 0}, "missing_lines": [98], "excluded_lines": []}, "": {"executed_lines": [1, 3, 5, 6, 7, 9, 11, 14, 15, 17, 18, 19, 20, 22, 23, 35, 47, 59, 67, 68, 70, 71, 72, 73, 75, 90, 95, 106], "summary": {"covered_lines": 25, "num_statements": 25, "percent_covered": 100.0, "percent_covered_display": "100", "missing_lines": 0, "excluded_lines": 0}, "missing_lines": [], "excluded_lines": []}}, "classes": {"Currency": {"executed_lines": [26, 27], "summary": {"covered_lines": 2, "num_statements": 5, "percent_covered": 40.0, "percent_covered_display": "40", "missing_lines": 3, "excluded_lines": 2}, "missing_lines": [28, 29, 30], "excluded_lines": [31, 32]}, "LogisticsMetadata": {"executed_lines": [76, 77, 78, 79, 81, 82, 83, 85, 87, 88, 93], "summary": {"covered_lines": 11, "num_statements": 13, "percent_covered": 84.61538461538461, "percent_covered_display": "85", "missing_lines": 2, "excluded_lines": 0}, "missing_lines": [86, 98], "excluded_lines": []}, "": {"executed_lines": [1, 3, 5, 6, 7, 9, 11, 14, 15, 17, 18, 19, 20, 22, 23, 35, 38, 39, 41, 42, 43, 44, 47, 50, 51, 53, 54, 55, 56, 59, 62, 63, 64, 67, 68, 70, 71, 72, 73, 75, 90, 95, 106], "summary": {"covered_lines": 40, "num_statements": 42, "percent_covered": 95.23809523809524, "percent_covered_display": "95", "missing_lines": 2, "excluded_lines": 0}, "missing_lines": [40, 52], "excluded_lines": []}}}, "logi\\resources.py": {"executed_lines": [1, 3, 5, 6, 7, 8, 10, 11, 15, 18, 21, 23, 26, 27, 30, 31, 33, 34, 35, 36, 37, 39, 40, 42, 46, 49, 50, 53, 54, 55, 56, 57, 58, 60, 61, 63, 67, 70, 73, 74, 77, 80, 83], "summary": {"covered_lines": 40, "num_statements": 46, "percent_covered": 86.95652173913044, "percent_covered_display": "87", "missing_lines": 6, "excluded_lines": 4}, "missing_lines": [22, 32, 38, 41, 59, 62], "excluded_lines": [10, 11, 12, 13], "functions": {"_ensure_resource": {"executed_lines": [21, 23], "summary": {"covered_lines": 2, "num_statements": 3, "percent_covered": 66.66666666666667, "percent_covered_display": "67", "missing_lines": 1, "excluded_lines": 0}, "missing_lines": [22], "excluded_lines": []}, "load_incoterm_map": {"executed_lines": [30, 31, 33, 34, 35, 36, 37, 39, 40, 42, 46], "summary": {"covered_lines": 11, "num_statements": 14, "percent_covered": 78.57142857142857, "percent_covered_display": "79", "missing_lines": 3, "excluded_lines": 0}, "missing_lines": [32, 38, 41], "excluded_lines": []}, "load_hs_map": {"executed_lines": [53, 54, 55, 56, 57, 58, 60, 61, 63, 67], "summary": {"covered_lines": 10, "num_statements": 12, "percent_covered": 83.33333333333333, "percent_covered_display": "83", "missing_lines": 2, "excluded_lines": 0}, "missing_lines": [59, 62], "excluded_lines": []}, "normalize_hs_code": {"executed_lines": [73, 74], "summary": {"covered_lines": 2, "num_statements": 2, "percent_covered": 100.0, "percent_covered_display": "100", "missing_lines": 0, "excluded_lines": 0}, "missing_lines": [], "excluded_lines": []}, "hs_description_map": {"executed_lines": [80], "summary": {"covered_lines": 1, "num_statements": 1, "percent_covered": 100.0, "percent_covered_display": "100", "missing_lines": 0, "excluded_lines": 0}, "missing_lines": [], "excluded_lines": []}, "": {"executed_lines": [1, 3, 5, 6, 7, 8, 10, 11, 15, 18, 26, 27, 49, 50, 70, 77, 83], "summary": {"covered_lines": 14, "num_statements": 14, "percent_covered": 100.0, "percent_covered_display": "100", "missing_lines": 0, "excluded_lines": 4}, "missing_lines": [], "excluded_lines": [10, 11, 12, 13]}}, "classes": {"": {"executed_lines": [1, 3, 5, 6, 7, 8, 10, 11, 15, 18, 21, 23, 26, 27, 30, 31, 33, 34, 35, 36, 37, 39, 40, 42, 46, 49, 50, 53, 54, 55, 56, 57, 58, 60, 61, 63, 67, 70, 73, 74, 77, 80, 83], "summary": {"covered_lines": 40, "num_statements": 46, "percent_covered": 86.95652173913044, "percent_covered_display": "87", "missing_lines": 6, "excluded_lines": 4}, "missing_lines": [22, 32, 38, 41, 59, 62], "excluded_lines": [10, 11, 12, 13]}}}, "proj_autosort.py": {"executed_lines": [], "summary": {"covered_lines": 0, "num_statements": 284, "percent_covered": 0.0, "percent_covered_display": "0", "missing_lines": 284, "excluded_lines": 0}, "missing_lines": [14, 15, 16, 17, 20, 21, 22, 23, 25, 26, 27, 28, 29, 30, 31, 35, 36, 38, 39, 41, 42, 43, 44, 46, 47, 49, 50, 51, 52, 53, 54, 55, 56, 57, 58, 60, 61, 62, 63, 65, 68, 69, 70, 71, 72, 73, 74, 75, 76, 85, 86, 87, 88, 89, 90, 91, 92, 94, 95, 96, 97, 98, 101, 113, 114, 115, 116, 117, 118, 119, 120, 121, 122, 123, 125, 126, 127, 130, 131, 132, 133, 143, 145, 161, 163, 164, 165, 166, 167, 168, 169, 171, 172, 173, 174, 175, 176, 177, 178, 179, 180, 182, 183, 184, 185, 187, 188, 189, 190, 191, 192, 194, 195, 197, 198, 199, 200, 203, 204, 205, 206, 207, 208, 209, 210, 211, 212, 213, 214, 215, 216, 217, 218, 219, 220, 221, 222, 223, 224, 225, 226, 227, 229, 231, 233, 234, 243, 248, 249, 250, 251, 253, 254, 255, 256, 257, 258, 259, 260, 261, 262, 263, 271, 274, 279, 280, 281, 283, 284, 285, 286, 288, 289, 290, 291, 292, 293, 294, 295, 296, 297, 298, 299, 300, 301, 302, 303, 304, 305, 306, 307, 308, 310, 311, 313, 314, 315, 316, 317, 320, 321, 322, 323, 324, 325, 326, 327, 328, 329, 330, 331, 332, 333, 334, 335, 336, 337, 338, 357, 358, 361, 362, 363, 364, 365, 366, 367, 368, 369, 370, 371, 372, 373, 376, 377, 378, 380, 381, 382, 383, 384, 385, 386, 387, 388, 389, 391, 392, 394, 396, 397, 398, 401, 402, 403, 406, 407, 410, 411, 412, 415, 416, 417, 418, 420, 421, 422, 423, 424, 425, 426, 427, 429, 431, 432, 435, 436, 439, 440, 442, 443, 445, 446, 447], "excluded_lines": [], "functions": {"now_ms": {"executed_lines": [], "summary": {"covered_lines": 0, "num_statements": 1, "percent_covered": 0.0, "percent_covered_display": "0", "missing_lines": 1, "excluded_lines": 0}, "missing_lines": [36], "excluded_lines": []}, "ensure_dir": {"executed_lines": [], "summary": {"covered_lines": 0, "num_statements": 1, "percent_covered": 0.0, "percent_covered_display": "0", "missing_lines": 1, "excluded_lines": 0}, "missing_lines": [39], "excluded_lines": []}, "sha256_str": {"executed_lines": [], "summary": {"covered_lines": 0, "num_statements": 3, "percent_covered": 0.0, "percent_covered_display": "0", "missing_lines": 3, "excluded_lines": 0}, "missing_lines": [42, 43, 44], "excluded_lines": []}, "blake7_of_file": {"executed_lines": [], "summary": {"covered_lines": 0, "num_statements": 11, "percent_covered": 0.0, "percent_covered_display": "0", "missing_lines": 11, "excluded_lines": 0}, "missing_lines": [47, 49, 50, 51, 52, 53, 54, 55, 56, 57, 58], "excluded_lines": []}, "normalize_label": {"executed_lines": [], "summary": {"covered_lines": 0, "num_statements": 3, "percent_covered": 0.0, "percent_covered_display": "0", "missing_lines": 3, "excluded_lines": 0}, "missing_lines": [61, 62, 63], "excluded_lines": []}, "scan_paths": {"executed_lines": [], "summary": {"covered_lines": 0, "num_statements": 21, "percent_covered": 0.0, "percent_covered_display": "0", "missing_lines": 21, "excluded_lines": 0}, "missing_lines": [69, 70, 71, 72, 73, 74, 75, 76, 85, 86, 87, 88, 89, 90, 91, 92, 94, 95, 96, 97, 98], "excluded_lines": []}, "apply_rules": {"executed_lines": [], "summary": {"covered_lines": 0, "num_statements": 8, "percent_covered": 0.0, "percent_covered_display": "0", "missing_lines": 8, "excluded_lines": 0}, "missing_lines": [114, 120, 121, 122, 123, 125, 126, 127], "excluded_lines": []}, "apply_rules.bucket_of": {"executed_lines": [], "summary": {"covered_lines": 0, "num_statements": 5, "percent_covered": 0.0, "percent_covered_display": "0", "missing_lines": 5, "excluded_lines": 0}, "missing_lines": [115, 116, 117, 118, 119], "excluded_lines": []}, "payload_safe": {"executed_lines": [], "summary": {"covered_lines": 0, "num_statements": 4, "percent_covered": 0.0, "percent_covered_display": "0", "missing_lines": 4, "excluded_lines": 0}, "missing_lines": [131, 132, 133, 143], "excluded_lines": []}, "cluster_local": {"executed_lines": [], "summary": {"covered_lines": 0, "num_statements": 59, "percent_covered": 0.0, "percent_covered_display": "0", "missing_lines": 59, "excluded_lines": 0}, "missing_lines": [163, 164, 165, 166, 167, 168, 169, 171, 172, 173, 174, 175, 176, 177, 178, 179, 180, 182, 183, 184, 185, 187, 188, 189, 190, 191, 192, 194, 195, 197, 198, 199, 200, 203, 204, 205, 206, 207, 208, 209, 210, 211, 212, 213, 214, 215, 216, 217, 218, 219, 220, 221, 222, 223, 224, 225, 226, 227, 229], "excluded_lines": []}, "call_openai_chat": {"executed_lines": [], "summary": {"covered_lines": 0, "num_statements": 7, "percent_covered": 0.0, "percent_covered_display": "0", "missing_lines": 7, "excluded_lines": 0}, "missing_lines": [233, 234, 243, 248, 249, 250, 251], "excluded_lines": []}, "cluster_gpt": {"executed_lines": [], "summary": {"covered_lines": 0, "num_statements": 11, "percent_covered": 0.0, "percent_covered_display": "0", "missing_lines": 11, "excluded_lines": 0}, "missing_lines": [254, 255, 256, 257, 258, 259, 260, 261, 262, 263, 271], "excluded_lines": []}, "ensure_schema": {"executed_lines": [], "summary": {"covered_lines": 0, "num_statements": 2, "percent_covered": 0.0, "percent_covered_display": "0", "missing_lines": 2, "excluded_lines": 0}, "missing_lines": [280, 281], "excluded_lines": []}, "versioned_dst": {"executed_lines": [], "summary": {"covered_lines": 0, "num_statements": 3, "percent_covered": 0.0, "percent_covered_display": "0", "missing_lines": 3, "excluded_lines": 0}, "missing_lines": [284, 285, 286], "excluded_lines": []}, "organize": {"executed_lines": [], "summary": {"covered_lines": 0, "num_statements": 27, "percent_covered": 0.0, "percent_covered_display": "0", "missing_lines": 27, "excluded_lines": 0}, "missing_lines": [289, 290, 291, 292, 293, 294, 295, 296, 297, 298, 299, 300, 301, 302, 303, 304, 305, 306, 307, 308, 310, 311, 313, 314, 315, 316, 317], "excluded_lines": []}, "write_report": {"executed_lines": [], "summary": {"covered_lines": 0, "num_statements": 20, "percent_covered": 0.0, "percent_covered_display": "0", "missing_lines": 20, "excluded_lines": 0}, "missing_lines": [321, 322, 323, 324, 325, 326, 327, 328, 329, 330, 331, 332, 333, 334, 335, 336, 337, 338, 357, 358], "excluded_lines": []}, "rollback": {"executed_lines": [], "summary": {"covered_lines": 0, "num_statements": 12, "percent_covered": 0.0, "percent_covered_display": "0", "missing_lines": 12, "excluded_lines": 0}, "missing_lines": [362, 363, 364, 365, 366, 367, 368, 369, 370, 371, 372, 373], "excluded_lines": []}, "main": {"executed_lines": [], "summary": {"covered_lines": 0, "num_statements": 47, "percent_covered": 0.0, "percent_covered_display": "0", "missing_lines": 47, "excluded_lines": 0}, "missing_lines": [377, 378, 380, 381, 382, 383, 384, 385, 386, 387, 388, 389, 391, 392, 394, 396, 397, 398, 401, 402, 403, 406, 407, 410, 411, 412, 415, 416, 417, 418, 420, 421, 422, 423, 424, 425, 426, 427, 429, 431, 432, 435, 436, 439, 440, 442, 443], "excluded_lines": []}, "": {"executed_lines": [], "summary": {"covered_lines": 0, "num_statements": 39, "percent_covered": 0.0, "percent_covered_display": "0", "missing_lines": 39, "excluded_lines": 0}, "missing_lines": [14, 15, 16, 17, 20, 21, 22, 23, 25, 26, 27, 28, 29, 30, 31, 35, 38, 41, 46, 60, 65, 68, 101, 113, 130, 145, 161, 231, 253, 274, 279, 283, 288, 320, 361, 376, 445, 446, 447], "excluded_lines": []}}, "classes": {"": {"executed_lines": [], "summary": {"covered_lines": 0, "num_statements": 284, "percent_covered": 0.0, "percent_covered_display": "0", "missing_lines": 284, "excluded_lines": 0}, "missing_lines": [14, 15, 16, 17, 20, 21, 22, 23, 25, 26, 27, 28, 29, 30, 31, 35, 36, 38, 39, 41, 42, 43, 44, 46, 47, 49, 50, 51, 52, 53, 54, 55, 56, 57, 58, 60, 61, 62, 63, 65, 68, 69, 70, 71, 72, 73, 74, 75, 76, 85, 86, 87, 88, 89, 90, 91, 92, 94, 95, 96, 97, 98, 101, 113, 114, 115, 116, 117, 118, 119, 120, 121, 122, 123, 125, 126, 127, 130, 131, 132, 133, 143, 145, 161, 163, 164, 165, 166, 167, 168, 169, 171, 172, 173, 174, 175, 176, 177, 178, 179, 180, 182, 183, 184, 185, 187, 188, 189, 190, 191, 192, 194, 195, 197, 198, 199, 200, 203, 204, 205, 206, 207, 208, 209, 210, 211, 212, 213, 214, 215, 216, 217, 218, 219, 220, 221, 222, 223, 224, 225, 226, 227, 229, 231, 233, 234, 243, 248, 249, 250, 251, 253, 254, 255, 256, 257, 258, 259, 260, 261, 262, 263, 271, 274, 279, 280, 281, 283, 284, 285, 286, 288, 289, 290, 291, 292, 293, 294, 295, 296, 297, 298, 299, 300, 301, 302, 303, 304, 305, 306, 307, 308, 310, 311, 313, 314, 315, 316, 317, 320, 321, 322, 323, 324, 325, 326, 327, 328, 329, 330, 331, 332, 333, 334, 335, 336, 337, 338, 357, 358, 361, 362, 363, 364, 365, 366, 367, 368, 369, 370, 371, 372, 373, 376, 377, 378, 380, 381, 382, 383, 384, 385, 386, 387, 388, 389, 391, 392, 394, 396, 397, 398, 401, 402, 403, 406, 407, 410, 411, 412, 415, 416, 417, 418, 420, 421, 422, 423, 424, 425, 426, 427, 429, 431, 432, 435, 436, 439, 440, 442, 443, 445, 446, 447], "excluded_lines": []}}}, "proj_autosort_keyed.py": {"executed_lines": [], "summary": {"covered_lines": 0, "num_statements": 243, "percent_covered": 0.0, "percent_covered_display": "0", "missing_lines": 243, "excluded_lines": 0}, "missing_lines": [13, 14, 15, 16, 21, 22, 23, 26, 27, 28, 29, 31, 32, 33, 34, 35, 36, 37, 40, 42, 44, 45, 47, 48, 49, 50, 51, 52, 53, 54, 55, 56, 58, 59, 60, 61, 63, 66, 67, 68, 69, 70, 71, 72, 73, 74, 75, 83, 84, 85, 86, 87, 89, 90, 91, 92, 93, 96, 107, 108, 109, 110, 111, 112, 113, 114, 115, 116, 117, 118, 121, 122, 123, 124, 134, 136, 146, 147, 148, 149, 150, 151, 152, 153, 155, 156, 157, 158, 159, 160, 161, 162, 164, 165, 166, 167, 168, 169, 171, 173, 174, 175, 176, 178, 179, 180, 181, 182, 183, 184, 185, 186, 187, 188, 189, 190, 191, 192, 193, 194, 195, 196, 197, 198, 200, 201, 202, 203, 204, 213, 218, 219, 220, 222, 223, 224, 225, 226, 227, 228, 229, 230, 231, 237, 240, 244, 245, 247, 248, 249, 251, 252, 253, 254, 255, 256, 257, 258, 259, 260, 261, 262, 263, 264, 265, 266, 267, 269, 270, 271, 272, 273, 276, 277, 278, 279, 280, 281, 282, 283, 284, 285, 286, 287, 288, 289, 290, 291, 292, 311, 312, 315, 316, 317, 318, 319, 320, 321, 322, 323, 324, 327, 328, 329, 331, 332, 333, 334, 335, 336, 337, 338, 339, 341, 342, 344, 346, 347, 348, 351, 352, 355, 356, 359, 360, 363, 364, 365, 366, 367, 368, 369, 370, 371, 373, 375, 378, 379, 382, 384, 385, 387, 388], "excluded_lines": [], "functions": {"now_ms": {"executed_lines": [], "summary": {"covered_lines": 0, "num_statements": 1, "percent_covered": 0.0, "percent_covered_display": "0", "missing_lines": 1, "excluded_lines": 0}, "missing_lines": [40], "excluded_lines": []}, "ensure_dir": {"executed_lines": [], "summary": {"covered_lines": 0, "num_statements": 1, "percent_covered": 0.0, "percent_covered_display": "0", "missing_lines": 1, "excluded_lines": 0}, "missing_lines": [42], "excluded_lines": []}, "sha256_str": {"executed_lines": [], "summary": {"covered_lines": 0, "num_statements": 1, "percent_covered": 0.0, "percent_covered_display": "0", "missing_lines": 1, "excluded_lines": 0}, "missing_lines": [45], "excluded_lines": []}, "blake7_of_file": {"executed_lines": [], "summary": {"covered_lines": 0, "num_statements": 9, "percent_covered": 0.0, "percent_covered_display": "0", "missing_lines": 9, "excluded_lines": 0}, "missing_lines": [48, 49, 50, 51, 52, 53, 54, 55, 56], "excluded_lines": []}, "normalize_label": {"executed_lines": [], "summary": {"covered_lines": 0, "num_statements": 3, "percent_covered": 0.0, "percent_covered_display": "0", "missing_lines": 3, "excluded_lines": 0}, "missing_lines": [59, 60, 61], "excluded_lines": []}, "scan_paths": {"executed_lines": [], "summary": {"covered_lines": 0, "num_statements": 19, "percent_covered": 0.0, "percent_covered_display": "0", "missing_lines": 19, "excluded_lines": 0}, "missing_lines": [67, 68, 69, 70, 71, 72, 73, 74, 75, 83, 84, 85, 86, 87, 89, 90, 91, 92, 93], "excluded_lines": []}, "apply_rules": {"executed_lines": [], "summary": {"covered_lines": 0, "num_statements": 7, "percent_covered": 0.0, "percent_covered_display": "0", "missing_lines": 7, "excluded_lines": 0}, "missing_lines": [108, 113, 114, 115, 116, 117, 118], "excluded_lines": []}, "apply_rules.bucket_of": {"executed_lines": [], "summary": {"covered_lines": 0, "num_statements": 4, "percent_covered": 0.0, "percent_covered_display": "0", "missing_lines": 4, "excluded_lines": 0}, "missing_lines": [109, 110, 111, 112], "excluded_lines": []}, "payload_safe": {"executed_lines": [], "summary": {"covered_lines": 0, "num_statements": 4, "percent_covered": 0.0, "percent_covered_display": "0", "missing_lines": 4, "excluded_lines": 0}, "missing_lines": [122, 123, 124, 134], "excluded_lines": []}, "cluster_local": {"executed_lines": [], "summary": {"covered_lines": 0, "num_statements": 47, "percent_covered": 0.0, "percent_covered_display": "0", "missing_lines": 47, "excluded_lines": 0}, "missing_lines": [147, 148, 149, 150, 151, 152, 153, 155, 156, 157, 158, 159, 160, 161, 162, 164, 165, 166, 167, 168, 169, 171, 173, 174, 175, 176, 178, 179, 180, 181, 182, 183, 184, 185, 186, 187, 188, 189, 190, 191, 192, 193, 194, 195, 196, 197, 198], "excluded_lines": []}, "call_openai_chat": {"executed_lines": [], "summary": {"covered_lines": 0, "num_statements": 8, "percent_covered": 0.0, "percent_covered_display": "0", "missing_lines": 8, "excluded_lines": 0}, "missing_lines": [201, 202, 203, 204, 213, 218, 219, 220], "excluded_lines": []}, "cluster_gpt": {"executed_lines": [], "summary": {"covered_lines": 0, "num_statements": 10, "percent_covered": 0.0, "percent_covered_display": "0", "missing_lines": 10, "excluded_lines": 0}, "missing_lines": [223, 224, 225, 226, 227, 228, 229, 230, 231, 237], "excluded_lines": []}, "ensure_schema": {"executed_lines": [], "summary": {"covered_lines": 0, "num_statements": 1, "percent_covered": 0.0, "percent_covered_display": "0", "missing_lines": 1, "excluded_lines": 0}, "missing_lines": [245], "excluded_lines": []}, "versioned_dst": {"executed_lines": [], "summary": {"covered_lines": 0, "num_statements": 2, "percent_covered": 0.0, "percent_covered_display": "0", "missing_lines": 2, "excluded_lines": 0}, "missing_lines": [248, 249], "excluded_lines": []}, "organize": {"executed_lines": [], "summary": {"covered_lines": 0, "num_statements": 21, "percent_covered": 0.0, "percent_covered_display": "0", "missing_lines": 21, "excluded_lines": 0}, "missing_lines": [252, 253, 254, 255, 256, 257, 258, 259, 260, 261, 262, 263, 264, 265, 266, 267, 269, 270, 271, 272, 273], "excluded_lines": []}, "write_report": {"executed_lines": [], "summary": {"covered_lines": 0, "num_statements": 18, "percent_covered": 0.0, "percent_covered_display": "0", "missing_lines": 18, "excluded_lines": 0}, "missing_lines": [277, 278, 279, 280, 281, 282, 283, 284, 285, 286, 287, 288, 289, 290, 291, 292, 311, 312], "excluded_lines": []}, "rollback": {"executed_lines": [], "summary": {"covered_lines": 0, "num_statements": 9, "percent_covered": 0.0, "percent_covered_display": "0", "missing_lines": 9, "excluded_lines": 0}, "missing_lines": [316, 317, 318, 319, 320, 321, 322, 323, 324], "excluded_lines": []}, "main": {"executed_lines": [], "summary": {"covered_lines": 0, "num_statements": 39, "percent_covered": 0.0, "percent_covered_display": "0", "missing_lines": 39, "excluded_lines": 0}, "missing_lines": [328, 329, 331, 332, 333, 334, 335, 336, 337, 338, 339, 341, 342, 344, 346, 347, 348, 351, 352, 355, 356, 359, 360, 363, 364, 365, 366, 367, 368, 369, 370, 371, 373, 375, 378, 379, 382, 384, 385], "excluded_lines": []}, "": {"executed_lines": [], "summary": {"covered_lines": 0, "num_statements": 39, "percent_covered": 0.0, "percent_covered_display": "0", "missing_lines": 39, "excluded_lines": 0}, "missing_lines": [13, 14, 15, 16, 21, 22, 23, 26, 27, 28, 29, 31, 32, 33, 34, 35, 36, 37, 44, 47, 58, 63, 66, 96, 107, 121, 136, 146, 200, 222, 240, 244, 247, 251, 276, 315, 327, 387, 388], "excluded_lines": []}}, "classes": {"": {"executed_lines": [], "summary": {"covered_lines": 0, "num_statements": 243, "percent_covered": 0.0, "percent_covered_display": "0", "missing_lines": 243, "excluded_lines": 0}, "missing_lines": [13, 14, 15, 16, 21, 22, 23, 26, 27, 28, 29, 31, 32, 33, 34, 35, 36, 37, 40, 42, 44, 45, 47, 48, 49, 50, 51, 52, 53, 54, 55, 56, 58, 59, 60, 61, 63, 66, 67, 68, 69, 70, 71, 72, 73, 74, 75, 83, 84, 85, 86, 87, 89, 90, 91, 92, 93, 96, 107, 108, 109, 110, 111, 112, 113, 114, 115, 116, 117, 118, 121, 122, 123, 124, 134, 136, 146, 147, 148, 149, 150, 151, 152, 153, 155, 156, 157, 158, 159, 160, 161, 162, 164, 165, 166, 167, 168, 169, 171, 173, 174, 175, 176, 178, 179, 180, 181, 182, 183, 184, 185, 186, 187, 188, 189, 190, 191, 192, 193, 194, 195, 196, 197, 198, 200, 201, 202, 203, 204, 213, 218, 219, 220, 222, 223, 224, 225, 226, 227, 228, 229, 230, 231, 237, 240, 244, 245, 247, 248, 249, 251, 252, 253, 254, 255, 256, 257, 258, 259, 260, 261, 262, 263, 264, 265, 266, 267, 269, 270, 271, 272, 273, 276, 277, 278, 279, 280, 281, 282, 283, 284, 285, 286, 287, 288, 289, 290, 291, 292, 311, 312, 315, 316, 317, 318, 319, 320, 321, 322, 323, 324, 327, 328, 329, 331, 332, 333, 334, 335, 336, 337, 338, 339, 341, 342, 344, 346, 347, 348, 351, 352, 355, 356, 359, 360, 363, 364, 365, 366, 367, 368, 369, 370, 371, 373, 375, 378, 379, 382, 384, 385, 387, 388], "excluded_lines": []}}}, "quality_gates.py": {"executed_lines": [], "summary": {"covered_lines": 0, "num_statements": 166, "percent_covered": 0.0, "percent_covered_display": "0", "missing_lines": 166, "excluded_lines": 0}, "missing_lines": [7, 8, 9, 10, 11, 14, 17, 18, 19, 29, 30, 32, 34, 36, 37, 44, 45, 46, 49, 50, 51, 52, 54, 55, 57, 59, 60, 63, 65, 66, 68, 69, 70, 72, 74, 77, 78, 86, 87, 88, 89, 92, 99, 100, 101, 103, 104, 106, 107, 108, 110, 112, 115, 116, 123, 125, 126, 127, 130, 131, 132, 134, 135, 136, 138, 139, 141, 142, 143, 145, 147, 150, 151, 158, 159, 160, 161, 163, 164, 165, 166, 167, 169, 170, 172, 173, 174, 176, 178, 180, 181, 182, 183, 184, 186, 187, 188, 189, 191, 192, 193, 194, 196, 197, 199, 201, 203, 204, 206, 207, 210, 212, 213, 215, 217, 219, 221, 229, 230, 231, 233, 234, 236, 237, 238, 239, 240, 241, 243, 245, 247, 257, 259, 260, 261, 262, 263, 264, 265, 266, 269, 271, 272, 273, 274, 276, 277, 278, 279, 281, 282, 284, 286, 288, 290, 298, 299, 300, 302, 305, 307, 309, 310, 312, 315, 316], "excluded_lines": [], "functions": {"QualityGate.__init__": {"executed_lines": [], "summary": {"covered_lines": 0, "num_statements": 4, "percent_covered": 0.0, "percent_covered_display": "0", "missing_lines": 4, "excluded_lines": 0}, "missing_lines": [18, 19, 29, 30], "excluded_lines": []}, "QualityGate.check_test_coverage": {"executed_lines": [], "summary": {"covered_lines": 0, "num_statements": 21, "percent_covered": 0.0, "percent_covered_display": "0", "missing_lines": 21, "excluded_lines": 0}, "missing_lines": [34, 36, 37, 44, 45, 46, 49, 50, 51, 52, 54, 55, 57, 59, 60, 63, 65, 66, 68, 69, 70], "excluded_lines": []}, "QualityGate.check_code_quality": {"executed_lines": [], "summary": {"covered_lines": 0, "num_statements": 16, "percent_covered": 0.0, "percent_covered_display": "0", "missing_lines": 16, "excluded_lines": 0}, "missing_lines": [74, 77, 78, 86, 87, 88, 89, 92, 99, 100, 101, 103, 104, 106, 107, 108], "excluded_lines": []}, "QualityGate.check_security": {"executed_lines": [], "summary": {"covered_lines": 0, "num_statements": 18, "percent_covered": 0.0, "percent_covered_display": "0", "missing_lines": 18, "excluded_lines": 0}, "missing_lines": [112, 115, 116, 123, 125, 126, 127, 130, 131, 132, 134, 135, 136, 138, 139, 141, 142, 143], "excluded_lines": []}, "QualityGate.check_dependencies": {"executed_lines": [], "summary": {"covered_lines": 0, "num_statements": 17, "percent_covered": 0.0, "percent_covered_display": "0", "missing_lines": 17, "excluded_lines": 0}, "missing_lines": [147, 150, 151, 158, 159, 160, 161, 163, 164, 165, 166, 167, 169, 170, 172, 173, 174], "excluded_lines": []}, "QualityGate.check_file_sizes": {"executed_lines": [], "summary": {"covered_lines": 0, "num_statements": 16, "percent_covered": 0.0, "percent_covered_display": "0", "missing_lines": 16, "excluded_lines": 0}, "missing_lines": [178, 180, 181, 182, 183, 184, 186, 187, 188, 189, 191, 192, 193, 194, 196, 197], "excluded_lines": []}, "QualityGate.check_test_count": {"executed_lines": [], "summary": {"covered_lines": 0, "num_statements": 8, "percent_covered": 0.0, "percent_covered_display": "0", "missing_lines": 8, "excluded_lines": 0}, "missing_lines": [201, 203, 204, 206, 207, 210, 212, 213], "excluded_lines": []}, "QualityGate.check_performance": {"executed_lines": [], "summary": {"covered_lines": 0, "num_statements": 14, "percent_covered": 0.0, "percent_covered_display": "0", "missing_lines": 14, "excluded_lines": 0}, "missing_lines": [217, 219, 221, 229, 230, 231, 233, 234, 236, 237, 238, 239, 240, 241], "excluded_lines": []}, "QualityGate.run_all_checks": {"executed_lines": [], "summary": {"covered_lines": 0, "num_statements": 24, "percent_covered": 0.0, "percent_covered_display": "0", "missing_lines": 24, "excluded_lines": 0}, "missing_lines": [245, 247, 257, 259, 260, 261, 262, 263, 264, 265, 266, 269, 271, 272, 273, 274, 276, 277, 278, 279, 281, 282, 284, 286], "excluded_lines": []}, "QualityGate.generate_report": {"executed_lines": [], "summary": {"covered_lines": 0, "num_statements": 5, "percent_covered": 0.0, "percent_covered_display": "0", "missing_lines": 5, "excluded_lines": 0}, "missing_lines": [290, 298, 299, 300, 302], "excluded_lines": []}, "main": {"executed_lines": [], "summary": {"covered_lines": 0, "num_statements": 4, "percent_covered": 0.0, "percent_covered_display": "0", "missing_lines": 4, "excluded_lines": 0}, "missing_lines": [307, 309, 310, 312], "excluded_lines": []}, "": {"executed_lines": [], "summary": {"covered_lines": 0, "num_statements": 19, "percent_covered": 0.0, "percent_covered_display": "0", "missing_lines": 19, "excluded_lines": 0}, "missing_lines": [7, 8, 9, 10, 11, 14, 17, 32, 72, 110, 145, 176, 199, 215, 243, 288, 305, 315, 316], "excluded_lines": []}}, "classes": {"QualityGate": {"executed_lines": [], "summary": {"covered_lines": 0, "num_statements": 143, "percent_covered": 0.0, "percent_covered_display": "0", "missing_lines": 143, "excluded_lines": 0}, "missing_lines": [18, 19, 29, 30, 34, 36, 37, 44, 45, 46, 49, 50, 51, 52, 54, 55, 57, 59, 60, 63, 65, 66, 68, 69, 70, 74, 77, 78, 86, 87, 88, 89, 92, 99, 100, 101, 103, 104, 106, 107, 108, 112, 115, 116, 123, 125, 126, 127, 130, 131, 132, 134, 135, 136, 138, 139, 141, 142, 143, 147, 150, 151, 158, 159, 160, 161, 163, 164, 165, 166, 167, 169, 170, 172, 173, 174, 178, 180, 181, 182, 183, 184, 186, 187, 188, 189, 191, 192, 193, 194, 196, 197, 201, 203, 204, 206, 207, 210, 212, 213, 217, 219, 221, 229, 230, 231, 233, 234, 236, 237, 238, 239, 240, 241, 245, 247, 257, 259, 260, 261, 262, 263, 264, 265, 266, 269, 271, 272, 273, 274, 276, 277, 278, 279, 281, 282, 284, 286, 290, 298, 299, 300, 302], "excluded_lines": []}, "": {"executed_lines": [], "summary": {"covered_lines": 0, "num_statements": 23, "percent_covered": 0.0, "percent_covered_display": "0", "missing_lines": 23, "excluded_lines": 0}, "missing_lines": [7, 8, 9, 10, 11, 14, 17, 32, 72, 110, 145, 176, 199, 215, 243, 288, 305, 307, 309, 310, 312, 315, 316], "excluded_lines": []}}}, "scripts\\test_automation.py": {"executed_lines": [2, 7, 8, 9, 10, 11, 12, 13, 16, 17, 19, 29, 34, 54, 76, 112, 135, 165, 237, 256, 302, 316, 348, 373], "summary": {"covered_lines": 22, "num_statements": 168, "percent_covered": 13.095238095238095, "percent_covered_display": "13", "missing_lines": 146, "excluded_lines": 0}, "missing_lines": [20, 21, 22, 31, 32, 36, 37, 38, 45, 46, 47, 48, 49, 50, 51, 52, 56, 58, 63, 64, 65, 66, 67, 69, 70, 71, 73, 74, 78, 81, 86, 87, 88, 89, 92, 96, 97, 98, 101, 105, 106, 107, 109, 110, 114, 117, 121, 122, 125, 129, 130, 132, 133, 137, 139, 141, 142, 144, 146, 147, 148, 149, 152, 153, 154, 155, 156, 162, 163, 167, 170, 171, 173, 174, 177, 178, 179, 182, 211, 212, 213, 215, 216, 217, 218, 221, 229, 230, 231, 232, 234, 235, 239, 241, 242, 245, 246, 247, 250, 251, 253, 254, 258, 299, 300, 304, 305, 307, 308, 309, 310, 311, 312, 314, 318, 320, 328, 329, 330, 331, 332, 333, 334, 336, 338, 340, 341, 343, 345, 350, 351, 352, 353, 354, 355, 357, 359, 361, 362, 363, 364, 365, 366, 368, 370, 374], "excluded_lines": [], "functions": {"TestAutomation.__init__": {"executed_lines": [], "summary": {"covered_lines": 0, "num_statements": 3, "percent_covered": 0.0, "percent_covered_display": "0", "missing_lines": 3, "excluded_lines": 0}, "missing_lines": [20, 21, 22], "excluded_lines": []}, "TestAutomation.log": {"executed_lines": [], "summary": {"covered_lines": 0, "num_statements": 2, "percent_covered": 0.0, "percent_covered_display": "0", "missing_lines": 2, "excluded_lines": 0}, "missing_lines": [31, 32], "excluded_lines": []}, "TestAutomation.run_command": {"executed_lines": [], "summary": {"covered_lines": 0, "num_statements": 11, "percent_covered": 0.0, "percent_covered_display": "0", "missing_lines": 11, "excluded_lines": 0}, "missing_lines": [36, 37, 38, 45, 46, 47, 48, 49, 50, 51, 52], "excluded_lines": []}, "TestAutomation.check_dependencies": {"executed_lines": [], "summary": {"covered_lines": 0, "num_statements": 12, "percent_covered": 0.0, "percent_covered_display": "0", "missing_lines": 12, "excluded_lines": 0}, "missing_lines": [56, 58, 63, 64, 65, 66, 67, 69, 70, 71, 73, 74], "excluded_lines": []}, "TestAutomation.run_linting": {"executed_lines": [], "summary": {"covered_lines": 0, "num_statements": 16, "percent_covered": 0.0, "percent_covered_display": "0", "missing_lines": 16, "excluded_lines": 0}, "missing_lines": [78, 81, 86, 87, 88, 89, 92, 96, 97, 98, 101, 105, 106, 107, 109, 110], "excluded_lines": []}, "TestAutomation.run_security_scan": {"executed_lines": [], "summary": {"covered_lines": 0, "num_statements": 9, "percent_covered": 0.0, "percent_covered_display": "0", "missing_lines": 9, "excluded_lines": 0}, "missing_lines": [114, 117, 121, 122, 125, 129, 130, 132, 133], "excluded_lines": []}, "TestAutomation.run_tests": {"executed_lines": [], "summary": {"covered_lines": 0, "num_statements": 16, "percent_covered": 0.0, "percent_covered_display": "0", "missing_lines": 16, "excluded_lines": 0}, "missing_lines": [137, 139, 141, 142, 144, 146, 147, 148, 149, 152, 153, 154, 155, 156, 162, 163], "excluded_lines": []}, "TestAutomation.run_integration_tests": {"executed_lines": [], "summary": {"covered_lines": 0, "num_statements": 23, "percent_covered": 0.0, "percent_covered_display": "0", "missing_lines": 23, "excluded_lines": 0}, "missing_lines": [167, 170, 171, 173, 174, 177, 178, 179, 182, 211, 212, 213, 215, 216, 217, 218, 221, 229, 230, 231, 232, 234, 235], "excluded_lines": []}, "TestAutomation.generate_report": {"executed_lines": [], "summary": {"covered_lines": 0, "num_statements": 10, "percent_covered": 0.0, "percent_covered_display": "0", "missing_lines": 10, "excluded_lines": 0}, "missing_lines": [239, 241, 242, 245, 246, 247, 250, 251, 253, 254], "excluded_lines": []}, "TestAutomation._generate_html_report": {"executed_lines": [], "summary": {"covered_lines": 0, "num_statements": 3, "percent_covered": 0.0, "percent_covered_display": "0", "missing_lines": 3, "excluded_lines": 0}, "missing_lines": [258, 299, 300], "excluded_lines": []}, "TestAutomation._format_errors_html": {"executed_lines": [], "summary": {"covered_lines": 0, "num_statements": 9, "percent_covered": 0.0, "percent_covered_display": "0", "missing_lines": 9, "excluded_lines": 0}, "missing_lines": [304, 305, 307, 308, 309, 310, 311, 312, 314], "excluded_lines": []}, "TestAutomation.run_full_pipeline": {"executed_lines": [], "summary": {"covered_lines": 0, "num_statements": 15, "percent_covered": 0.0, "percent_covered_display": "0", "missing_lines": 15, "excluded_lines": 0}, "missing_lines": [318, 320, 328, 329, 330, 331, 332, 333, 334, 336, 338, 340, 341, 343, 345], "excluded_lines": []}, "main": {"executed_lines": [], "summary": {"covered_lines": 0, "num_statements": 16, "percent_covered": 0.0, "percent_covered_display": "0", "missing_lines": 16, "excluded_lines": 0}, "missing_lines": [350, 351, 352, 353, 354, 355, 357, 359, 361, 362, 363, 364, 365, 366, 368, 370], "excluded_lines": []}, "": {"executed_lines": [2, 7, 8, 9, 10, 11, 12, 13, 16, 17, 19, 29, 34, 54, 76, 112, 135, 165, 237, 256, 302, 316, 348, 373], "summary": {"covered_lines": 22, "num_statements": 23, "percent_covered": 95.65217391304348, "percent_covered_display": "96", "missing_lines": 1, "excluded_lines": 0}, "missing_lines": [374], "excluded_lines": []}}, "classes": {"TestAutomation": {"executed_lines": [], "summary": {"covered_lines": 0, "num_statements": 129, "percent_covered": 0.0, "percent_covered_display": "0", "missing_lines": 129, "excluded_lines": 0}, "missing_lines": [20, 21, 22, 31, 32, 36, 37, 38, 45, 46, 47, 48, 49, 50, 51, 52, 56, 58, 63, 64, 65, 66, 67, 69, 70, 71, 73, 74, 78, 81, 86, 87, 88, 89, 92, 96, 97, 98, 101, 105, 106, 107, 109, 110, 114, 117, 121, 122, 125, 129, 130, 132, 133, 137, 139, 141, 142, 144, 146, 147, 148, 149, 152, 153, 154, 155, 156, 162, 163, 167, 170, 171, 173, 174, 177, 178, 179, 182, 211, 212, 213, 215, 216, 217, 218, 221, 229, 230, 231, 232, 234, 235, 239, 241, 242, 245, 246, 247, 250, 251, 253, 254, 258, 299, 300, 304, 305, 307, 308, 309, 310, 311, 312, 314, 318, 320, 328, 329, 330, 331, 332, 333, 334, 336, 338, 340, 341, 343, 345], "excluded_lines": []}, "": {"executed_lines": [2, 7, 8, 9, 10, 11, 12, 13, 16, 17, 19, 29, 34, 54, 76, 112, 135, 165, 237, 256, 302, 316, 348, 373], "summary": {"covered_lines": 22, "num_statements": 39, "percent_covered": 56.41025641025641, "percent_covered_display": "56", "missing_lines": 17, "excluded_lines": 0}, "missing_lines": [350, 351, 352, 353, 354, 355, 357, 359, 361, 362, 363, 364, 365, 366, 368, 370, 374], "excluded_lines": []}}}, "sitecustomize.py": {"executed_lines": [], "summary": {"covered_lines": 0, "num_statements": 39, "percent_covered": 0.0, "percent_covered_display": "0", "missing_lines": 39, "excluded_lines": 6}, "missing_lines": [3, 5, 6, 7, 8, 11, 14, 15, 16, 17, 18, 21, 22, 26, 27, 28, 29, 30, 31, 32, 34, 37, 38, 40, 41, 42, 43, 47, 48, 49, 51, 52, 54, 55, 56, 58, 59, 60, 63], "excluded_lines": [23, 24, 35, 36, 44, 45], "functions": {"_install_psutil_fallback": {"executed_lines": [], "summary": {"covered_lines": 0, "num_statements": 17, "percent_covered": 0.0, "percent_covered_display": "0", "missing_lines": 17, "excluded_lines": 2}, "missing_lines": [14, 15, 16, 17, 18, 21, 22, 26, 47, 48, 51, 54, 55, 56, 58, 59, 60], "excluded_lines": [23, 24]}, "_install_psutil_fallback._rss_bytes": {"executed_lines": [], "summary": {"covered_lines": 0, "num_statements": 13, "percent_covered": 0.0, "percent_covered_display": "0", "missing_lines": 13, "excluded_lines": 4}, "missing_lines": [27, 28, 29, 30, 31, 32, 34, 37, 38, 40, 41, 42, 43], "excluded_lines": [35, 36, 44, 45]}, "_install_psutil_fallback._Process.__init__": {"executed_lines": [], "summary": {"covered_lines": 0, "num_statements": 1, "percent_covered": 0.0, "percent_covered_display": "0", "missing_lines": 1, "excluded_lines": 0}, "missing_lines": [49], "excluded_lines": []}, "_install_psutil_fallback._Process.memory_info": {"executed_lines": [], "summary": {"covered_lines": 0, "num_statements": 1, "percent_covered": 0.0, "percent_covered_display": "0", "missing_lines": 1, "excluded_lines": 0}, "missing_lines": [52], "excluded_lines": []}, "": {"executed_lines": [], "summary": {"covered_lines": 0, "num_statements": 7, "percent_covered": 0.0, "percent_covered_display": "0", "missing_lines": 7, "excluded_lines": 0}, "missing_lines": [3, 5, 6, 7, 8, 11, 63], "excluded_lines": []}}, "classes": {"_install_psutil_fallback._Process": {"executed_lines": [], "summary": {"covered_lines": 0, "num_statements": 2, "percent_covered": 0.0, "percent_covered_display": "0", "missing_lines": 2, "excluded_lines": 0}, "missing_lines": [49, 52], "excluded_lines": []}, "_install_psutil_fallback._PsutilModule": {"executed_lines": [], "summary": {"covered_lines": 0, "num_statements": 0, "percent_covered": 100.0, "percent_covered_display": "100", "missing_lines": 0, "excluded_lines": 0}, "missing_lines": [], "excluded_lines": []}, "": {"executed_lines": [], "summary": {"covered_lines": 0, "num_statements": 37, "percent_covered": 0.0, "percent_covered_display": "0", "missing_lines": 37, "excluded_lines": 6}, "missing_lines": [3, 5, 6, 7, 8, 11, 14, 15, 16, 17, 18, 21, 22, 26, 27, 28, 29, 30, 31, 32, 34, 37, 38, 40, 41, 42, 43, 47, 48, 51, 54, 55, 56, 58, 59, 60, 63], "excluded_lines": [23, 24, 35, 36, 44, 45]}}}, "test_error_handling.py": {"executed_lines": [2, 3, 4, 5, 8, 9, 10, 11, 14, 17, 36, 37, 40, 43, 59, 60, 63, 66, 69, 70, 73, 89, 90, 93, 96, 114, 128, 144, 169, 170, 173, 176, 190, 191, 194, 197, 215, 229, 250, 253, 256, 274, 288, 289, 292, 312], "summary": {"covered_lines": 46, "num_statements": 46, "percent_covered": 100.0, "percent_covered_display": "100", "missing_lines": 0, "excluded_lines": 0}, "missing_lines": [], "excluded_lines": [], "functions": {"run": {"executed_lines": [9, 10, 11], "summary": {"covered_lines": 3, "num_statements": 3, "percent_covered": 100.0, "percent_covered_display": "100", "missing_lines": 0, "excluded_lines": 0}, "missing_lines": [], "excluded_lines": []}, "test_error_handling_invalid_paths": {"executed_lines": [17, 36, 37], "summary": {"covered_lines": 3, "num_statements": 3, "percent_covered": 100.0, "percent_covered_display": "100", "missing_lines": 0, "excluded_lines": 0}, "missing_lines": [], "excluded_lines": []}, "test_error_handling_missing_input_files": {"executed_lines": [43, 59, 60], "summary": {"covered_lines": 3, "num_statements": 3, "percent_covered": 100.0, "percent_covered_display": "100", "missing_lines": 0, "excluded_lines": 0}, "missing_lines": [], "excluded_lines": []}, "test_error_handling_invalid_json_format": {"executed_lines": [66, 69, 70, 73, 89, 90], "summary": {"covered_lines": 6, "num_statements": 6, "percent_covered": 100.0, "percent_covered_display": "100", "missing_lines": 0, "excluded_lines": 0}, "missing_lines": [], "excluded_lines": []}, "test_error_handling_permission_denied": {"executed_lines": [96, 114, 128, 144, 169, 170], "summary": {"covered_lines": 6, "num_statements": 6, "percent_covered": 100.0, "percent_covered_display": "100", "missing_lines": 0, "excluded_lines": 0}, "missing_lines": [], "excluded_lines": []}, "test_error_handling_rollback_without_journal": {"executed_lines": [176, 190, 191], "summary": {"covered_lines": 3, "num_statements": 3, "percent_covered": 100.0, "percent_covered_display": "100", "missing_lines": 0, "excluded_lines": 0}, "missing_lines": [], "excluded_lines": []}, "test_error_handling_gpt_mode_without_api_key": {"executed_lines": [197, 215, 229, 250], "summary": {"covered_lines": 4, "num_statements": 4, "percent_covered": 100.0, "percent_covered_display": "100", "missing_lines": 0, "excluded_lines": 0}, "missing_lines": [], "excluded_lines": []}, "test_error_handling_corrupted_safe_map": {"executed_lines": [256, 274, 288, 289, 292, 312], "summary": {"covered_lines": 6, "num_statements": 6, "percent_covered": 100.0, "percent_covered_display": "100", "missing_lines": 0, "excluded_lines": 0}, "missing_lines": [], "excluded_lines": []}, "": {"executed_lines": [2, 3, 4, 5, 8, 14, 40, 63, 93, 173, 194, 253], "summary": {"covered_lines": 12, "num_statements": 12, "percent_covered": 100.0, "percent_covered_display": "100", "missing_lines": 0, "excluded_lines": 0}, "missing_lines": [], "excluded_lines": []}}, "classes": {"": {"executed_lines": [2, 3, 4, 5, 8, 9, 10, 11, 14, 17, 36, 37, 40, 43, 59, 60, 63, 66, 69, 70, 73, 89, 90, 93, 96, 114, 128, 144, 169, 170, 173, 176, 190, 191, 194, 197, 215, 229, 250, 253, 256, 274, 288, 289, 292, 312], "summary": {"covered_lines": 46, "num_statements": 46, "percent_covered": 100.0, "percent_covered_display": "100", "missing_lines": 0, "excluded_lines": 0}, "missing_lines": [], "excluded_lines": []}}}, "test_gpt_mode.py": {"executed_lines": [2, 3, 4, 5, 8, 9, 10, 11, 14, 17, 35, 49, 69, 72, 75, 76, 79, 80, 81, 84, 87, 105, 119, 139, 140, 143, 144, 145], "summary": {"covered_lines": 28, "num_statements": 28, "percent_covered": 100.0, "percent_covered_display": "100", "missing_lines": 0, "excluded_lines": 0}, "missing_lines": [], "excluded_lines": [], "functions": {"run": {"executed_lines": [9, 10, 11], "summary": {"covered_lines": 3, "num_statements": 3, "percent_covered": 100.0, "percent_covered_display": "100", "missing_lines": 0, "excluded_lines": 0}, "missing_lines": [], "excluded_lines": []}, "test_gpt_mode_clustering_with_mock": {"executed_lines": [17, 35, 49, 69, 72, 75, 76, 79, 80, 81], "summary": {"covered_lines": 10, "num_statements": 10, "percent_covered": 100.0, "percent_covered_display": "100", "missing_lines": 0, "excluded_lines": 0}, "missing_lines": [], "excluded_lines": []}, "test_gpt_mode_fallback_to_local_on_error": {"executed_lines": [87, 105, 119, 139, 140, 143, 144, 145], "summary": {"covered_lines": 8, "num_statements": 8, "percent_covered": 100.0, "percent_covered_display": "100", "missing_lines": 0, "excluded_lines": 0}, "missing_lines": [], "excluded_lines": []}, "": {"executed_lines": [2, 3, 4, 5, 8, 14, 84], "summary": {"covered_lines": 7, "num_statements": 7, "percent_covered": 100.0, "percent_covered_display": "100", "missing_lines": 0, "excluded_lines": 0}, "missing_lines": [], "excluded_lines": []}}, "classes": {"": {"executed_lines": [2, 3, 4, 5, 8, 9, 10, 11, 14, 17, 35, 49, 69, 72, 75, 76, 79, 80, 81, 84, 87, 105, 119, 139, 140, 143, 144, 145], "summary": {"covered_lines": 28, "num_statements": 28, "percent_covered": 100.0, "percent_covered_display": "100", "missing_lines": 0, "excluded_lines": 0}, "missing_lines": [], "excluded_lines": []}}}, "test_output\\mcp_cursor_configs\\src\\core\\test__53e6a05.py": {"executed_lines": [1], "summary": {"covered_lines": 1, "num_statements": 1, "percent_covered": 100.0, "percent_covered_display": "100", "missing_lines": 0, "excluded_lines": 0}, "missing_lines": [], "excluded_lines": [], "functions": {"": {"executed_lines": [1], "summary": {"covered_lines": 1, "num_statements": 1, "percent_covered": 100.0, "percent_covered_display": "100", "missing_lines": 0, "excluded_lines": 0}, "missing_lines": [], "excluded_lines": []}}, "classes": {"": {"executed_lines": [1], "summary": {"covered_lines": 1, "num_statements": 1, "percent_covered": 100.0, "percent_covered_display": "100", "missing_lines": 0, "excluded_lines": 0}, "missing_lines": [], "excluded_lines": []}}}, "test_rollback.py": {"executed_lines": [2, 3, 4, 7, 8, 9, 10, 13, 15, 30, 43, 56, 57, 58, 80, 83, 84], "summary": {"covered_lines": 17, "num_statements": 17, "percent_covered": 100.0, "percent_covered_display": "100", "missing_lines": 0, "excluded_lines": 0}, "missing_lines": [], "excluded_lines": [], "functions": {"run": {"executed_lines": [8, 9, 10], "summary": {"covered_lines": 3, "num_statements": 3, "percent_covered": 100.0, "percent_covered_display": "100", "missing_lines": 0, "excluded_lines": 0}, "missing_lines": [], "excluded_lines": []}, "test_rollback_moves_files_back": {"executed_lines": [15, 30, 43, 56, 57, 58, 80, 83, 84], "summary": {"covered_lines": 9, "num_statements": 9, "percent_covered": 100.0, "percent_covered_display": "100", "missing_lines": 0, "excluded_lines": 0}, "missing_lines": [], "excluded_lines": []}, "": {"executed_lines": [2, 3, 4, 7, 13], "summary": {"covered_lines": 5, "num_statements": 5, "percent_covered": 100.0, "percent_covered_display": "100", "missing_lines": 0, "excluded_lines": 0}, "missing_lines": [], "excluded_lines": []}}, "classes": {"": {"executed_lines": [2, 3, 4, 7, 8, 9, 10, 13, 15, 30, 43, 56, 57, 58, 80, 83, 84], "summary": {"covered_lines": 17, "num_statements": 17, "percent_covered": 100.0, "percent_covered_display": "100", "missing_lines": 0, "excluded_lines": 0}, "missing_lines": [], "excluded_lines": []}}}, "test_rules.py": {"executed_lines": [2, 3, 4, 5, 8, 9, 10, 11, 14, 16, 31, 44, 46, 47, 48, 49], "summary": {"covered_lines": 16, "num_statements": 16, "percent_covered": 100.0, "percent_covered_display": "100", "missing_lines": 0, "excluded_lines": 0}, "missing_lines": [], "excluded_lines": [], "functions": {"run": {"executed_lines": [9, 10, 11], "summary": {"covered_lines": 3, "num_statements": 3, "percent_covered": 100.0, "percent_covered_display": "100", "missing_lines": 0, "excluded_lines": 0}, "missing_lines": [], "excluded_lines": []}, "test_rules_bucket_basic": {"executed_lines": [16, 31, 44, 46, 47, 48, 49], "summary": {"covered_lines": 7, "num_statements": 7, "percent_covered": 100.0, "percent_covered_display": "100", "missing_lines": 0, "excluded_lines": 0}, "missing_lines": [], "excluded_lines": []}, "": {"executed_lines": [2, 3, 4, 5, 8, 14], "summary": {"covered_lines": 6, "num_statements": 6, "percent_covered": 100.0, "percent_covered_display": "100", "missing_lines": 0, "excluded_lines": 0}, "missing_lines": [], "excluded_lines": []}}, "classes": {"": {"executed_lines": [2, 3, 4, 5, 8, 9, 10, 11, 14, 16, 31, 44, 46, 47, 48, 49], "summary": {"covered_lines": 16, "num_statements": 16, "percent_covered": 100.0, "percent_covered_display": "100", "missing_lines": 0, "excluded_lines": 0}, "missing_lines": [], "excluded_lines": []}}}, "test_schema_validation.py": {"executed_lines": [2, 3, 4, 5, 8, 9, 10, 11, 14, 17, 35, 36, 39, 57, 71, 87, 111, 112, 116, 117, 118, 119, 120, 124, 125, 126, 129, 132, 133, 134, 137, 140, 158, 172, 188, 210, 211, 215, 216, 217, 218, 219, 223, 224, 225, 228, 231, 232, 233, 236, 239, 240, 243, 261, 275, 291, 313, 314, 317, 318, 321, 322, 323], "summary": {"covered_lines": 63, "num_statements": 65, "percent_covered": 96.92307692307692, "percent_covered_display": "97", "missing_lines": 2, "excluded_lines": 0}, "missing_lines": [121, 220], "excluded_lines": [], "functions": {"run": {"executed_lines": [9, 10, 11], "summary": {"covered_lines": 3, "num_statements": 3, "percent_covered": 100.0, "percent_covered_display": "100", "missing_lines": 0, "excluded_lines": 0}, "missing_lines": [], "excluded_lines": []}, "test_schema_validation_with_custom_schema": {"executed_lines": [17, 35, 36, 39, 57, 71, 87, 111, 112, 116, 117, 118, 119, 120, 124, 125, 126, 129, 132, 133, 134], "summary": {"covered_lines": 21, "num_statements": 22, "percent_covered": 95.45454545454545, "percent_covered_display": "95", "missing_lines": 1, "excluded_lines": 0}, "missing_lines": [121], "excluded_lines": []}, "test_schema_validation_with_default_schema": {"executed_lines": [140, 158, 172, 188, 210, 211, 215, 216, 217, 218, 219, 223, 224, 225, 228, 231, 232, 233], "summary": {"covered_lines": 18, "num_statements": 19, "percent_covered": 94.73684210526316, "percent_covered_display": "95", "missing_lines": 1, "excluded_lines": 0}, "missing_lines": [220], "excluded_lines": []}, "test_schema_validation_conflict_resolution": {"executed_lines": [239, 240, 243, 261, 275, 291, 313, 314, 317, 318, 321, 322, 323], "summary": {"covered_lines": 13, "num_statements": 13, "percent_covered": 100.0, "percent_covered_display": "100", "missing_lines": 0, "excluded_lines": 0}, "missing_lines": [], "excluded_lines": []}, "": {"executed_lines": [2, 3, 4, 5, 8, 14, 137, 236], "summary": {"covered_lines": 8, "num_statements": 8, "percent_covered": 100.0, "percent_covered_display": "100", "missing_lines": 0, "excluded_lines": 0}, "missing_lines": [], "excluded_lines": []}}, "classes": {"": {"executed_lines": [2, 3, 4, 5, 8, 9, 10, 11, 14, 17, 35, 36, 39, 57, 71, 87, 111, 112, 116, 117, 118, 119, 120, 124, 125, 126, 129, 132, 133, 134, 137, 140, 158, 172, 188, 210, 211, 215, 216, 217, 218, 219, 223, 224, 225, 228, 231, 232, 233, 236, 239, 240, 243, 261, 275, 291, 313, 314, 317, 318, 321, 322, 323], "summary": {"covered_lines": 63, "num_statements": 65, "percent_covered": 96.92307692307692, "percent_covered_display": "97", "missing_lines": 2, "excluded_lines": 0}, "missing_lines": [121, 220], "excluded_lines": []}}}, "test_sqlite_concurrency.py": {"executed_lines": [2, 3, 4, 5, 6, 7, 8, 11, 12, 13, 14, 17, 20, 38, 40, 41, 42, 43, 57, 58, 77, 82, 83, 86, 87, 90, 91, 94, 95, 98, 99, 102, 103, 106, 109, 128, 129, 132, 133, 134, 135, 138, 139, 140, 143, 144, 145, 148, 149, 150, 155, 158, 161, 179, 193, 209, 210, 213, 214, 226, 229, 232, 250, 264, 267, 268], "summary": {"covered_lines": 66, "num_statements": 78, "percent_covered": 84.61538461538461, "percent_covered_display": "85", "missing_lines": 12, "excluded_lines": 0}, "missing_lines": [75, 78, 79, 151, 152, 216, 217, 218, 219, 220, 221, 223], "excluded_lines": [], "functions": {"run": {"executed_lines": [12, 13, 14], "summary": {"covered_lines": 3, "num_statements": 3, "percent_covered": 100.0, "percent_covered_display": "100", "missing_lines": 0, "excluded_lines": 0}, "missing_lines": [], "excluded_lines": []}, "test_sqlite_concurrent_access_should_not_lock": {"executed_lines": [20, 38, 82, 83, 86, 87, 90, 91, 94, 95, 98, 99, 102, 103], "summary": {"covered_lines": 14, "num_statements": 14, "percent_covered": 100.0, "percent_covered_display": "100", "missing_lines": 0, "excluded_lines": 0}, "missing_lines": [], "excluded_lines": []}, "test_sqlite_concurrent_access_should_not_lock.run_parallel_command": {"executed_lines": [40, 41, 42, 43, 57, 58, 77], "summary": {"covered_lines": 7, "num_statements": 10, "percent_covered": 70.0, "percent_covered_display": "70", "missing_lines": 3, "excluded_lines": 0}, "missing_lines": [75, 78, 79], "excluded_lines": []}, "test_sqlite_wal_mode_configuration": {"executed_lines": [109, 128, 129, 132, 133, 134, 135, 138, 139, 140, 143, 144, 145, 148, 149, 150, 155], "summary": {"covered_lines": 17, "num_statements": 19, "percent_covered": 89.47368421052632, "percent_covered_display": "89", "missing_lines": 2, "excluded_lines": 0}, "missing_lines": [151, 152], "excluded_lines": []}, "test_sqlite_connection_timeout_handling": {"executed_lines": [161, 179, 193, 209, 210, 213, 214], "summary": {"covered_lines": 7, "num_statements": 14, "percent_covered": 50.0, "percent_covered_display": "50", "missing_lines": 7, "excluded_lines": 0}, "missing_lines": [216, 217, 218, 219, 220, 221, 223], "excluded_lines": []}, "test_sqlite_error_recovery": {"executed_lines": [229, 232, 250, 264, 267, 268], "summary": {"covered_lines": 6, "num_statements": 6, "percent_covered": 100.0, "percent_covered_display": "100", "missing_lines": 0, "excluded_lines": 0}, "missing_lines": [], "excluded_lines": []}, "": {"executed_lines": [2, 3, 4, 5, 6, 7, 8, 11, 17, 106, 158, 226], "summary": {"covered_lines": 12, "num_statements": 12, "percent_covered": 100.0, "percent_covered_display": "100", "missing_lines": 0, "excluded_lines": 0}, "missing_lines": [], "excluded_lines": []}}, "classes": {"": {"executed_lines": [2, 3, 4, 5, 6, 7, 8, 11, 12, 13, 14, 17, 20, 38, 40, 41, 42, 43, 57, 58, 77, 82, 83, 86, 87, 90, 91, 94, 95, 98, 99, 102, 103, 106, 109, 128, 129, 132, 133, 134, 135, 138, 139, 140, 143, 144, 145, 148, 149, 150, 155, 158, 161, 179, 193, 209, 210, 213, 214, 226, 229, 232, 250, 264, 267, 268], "summary": {"covered_lines": 66, "num_statements": 78, "percent_covered": 84.61538461538461, "percent_covered_display": "85", "missing_lines": 12, "excluded_lines": 0}, "missing_lines": [75, 78, 79, 151, 152, 216, 217, 218, 219, 220, 221, 223], "excluded_lines": []}}}, "test_versioning.py": {"executed_lines": [2, 3, 4, 7, 8, 9, 10, 13, 15, 30, 43, 56, 57, 58, 80, 81], "summary": {"covered_lines": 16, "num_statements": 16, "percent_covered": 100.0, "percent_covered_display": "100", "missing_lines": 0, "excluded_lines": 0}, "missing_lines": [], "excluded_lines": [], "functions": {"run": {"executed_lines": [8, 9, 10], "summary": {"covered_lines": 3, "num_statements": 3, "percent_covered": 100.0, "percent_covered_display": "100", "missing_lines": 0, "excluded_lines": 0}, "missing_lines": [], "excluded_lines": []}, "test_versioning_and_organize": {"executed_lines": [15, 30, 43, 56, 57, 58, 80, 81], "summary": {"covered_lines": 8, "num_statements": 8, "percent_covered": 100.0, "percent_covered_display": "100", "missing_lines": 0, "excluded_lines": 0}, "missing_lines": [], "excluded_lines": []}, "": {"executed_lines": [2, 3, 4, 7, 13], "summary": {"covered_lines": 5, "num_statements": 5, "percent_covered": 100.0, "percent_covered_display": "100", "missing_lines": 0, "excluded_lines": 0}, "missing_lines": [], "excluded_lines": []}}, "classes": {"": {"executed_lines": [2, 3, 4, 7, 8, 9, 10, 13, 15, 30, 43, 56, 57, 58, 80, 81], "summary": {"covered_lines": 16, "num_statements": 16, "percent_covered": 100.0, "percent_covered_display": "100", "missing_lines": 0, "excluded_lines": 0}, "missing_lines": [], "excluded_lines": []}}}, "tests\\test_logistics_validators.py": {"executed_lines": [1, 3, 5, 6, 7, 8, 9, 11, 13, 21, 24, 27, 28, 31, 34, 37, 40, 41, 44, 47, 48, 49, 52, 55, 56, 59, 62, 67, 68, 69, 72, 75, 76, 77, 79, 92, 93, 94, 95, 96, 97], "summary": {"covered_lines": 40, "num_statements": 40, "percent_covered": 100.0, "percent_covered_display": "100", "missing_lines": 0, "excluded_lines": 0}, "missing_lines": [], "excluded_lines": [], "functions": {"load_fixture": {"executed_lines": [27, 28], "summary": {"covered_lines": 2, "num_statements": 2, "percent_covered": 100.0, "percent_covered_display": "100", "missing_lines": 0, "excluded_lines": 0}, "missing_lines": [], "excluded_lines": []}, "test_validate_incoterm_success": {"executed_lines": [34], "summary": {"covered_lines": 1, "num_statements": 1, "percent_covered": 100.0, "percent_covered_display": "100", "missing_lines": 0, "excluded_lines": 0}, "missing_lines": [], "excluded_lines": []}, "test_validate_incoterm_failure": {"executed_lines": [40, 41], "summary": {"covered_lines": 2, "num_statements": 2, "percent_covered": 100.0, "percent_covered_display": "100", "missing_lines": 0, "excluded_lines": 0}, "missing_lines": [], "excluded_lines": []}, "test_validate_hs_code_success": {"executed_lines": [47, 48, 49], "summary": {"covered_lines": 3, "num_statements": 3, "percent_covered": 100.0, "percent_covered_display": "100", "missing_lines": 0, "excluded_lines": 0}, "missing_lines": [], "excluded_lines": []}, "test_validate_hs_code_failure": {"executed_lines": [55, 56], "summary": {"covered_lines": 2, "num_statements": 2, "percent_covered": 100.0, "percent_covered_display": "100", "missing_lines": 0, "excluded_lines": 0}, "missing_lines": [], "excluded_lines": []}, "test_logistics_metadata_rounds_value": {"executed_lines": [62, 67, 68, 69], "summary": {"covered_lines": 4, "num_statements": 4, "percent_covered": 100.0, "percent_covered_display": "100", "missing_lines": 0, "excluded_lines": 0}, "missing_lines": [], "excluded_lines": []}, "test_logistics_cli_validation": {"executed_lines": [75, 76, 77, 79, 92, 93, 94, 95, 96, 97], "summary": {"covered_lines": 10, "num_statements": 10, "percent_covered": 100.0, "percent_covered_display": "100", "missing_lines": 0, "excluded_lines": 0}, "missing_lines": [], "excluded_lines": []}, "": {"executed_lines": [1, 3, 5, 6, 7, 8, 9, 11, 13, 21, 24, 31, 37, 44, 52, 59, 72], "summary": {"covered_lines": 16, "num_statements": 16, "percent_covered": 100.0, "percent_covered_display": "100", "missing_lines": 0, "excluded_lines": 0}, "missing_lines": [], "excluded_lines": []}}, "classes": {"": {"executed_lines": [1, 3, 5, 6, 7, 8, 9, 11, 13, 21, 24, 27, 28, 31, 34, 37, 40, 41, 44, 47, 48, 49, 52, 55, 56, 59, 62, 67, 68, 69, 72, 75, 76, 77, 79, 92, 93, 94, 95, 96, 97], "summary": {"covered_lines": 40, "num_statements": 40, "percent_covered": 100.0, "percent_covered_display": "100", "missing_lines": 0, "excluded_lines": 0}, "missing_lines": [], "excluded_lines": []}}}, "tests\\test_performance.py": {"executed_lines": [2, 3, 4, 5, 6, 9, 10, 11, 12, 15, 17, 19, 36, 37, 40, 43, 46, 63, 65, 78, 79, 82, 85, 88, 105, 118, 120, 135, 136, 139, 142, 145, 162, 175, 190, 192, 213, 214, 217, 220, 222, 225, 242, 255, 270, 291, 304, 305, 308, 311, 312, 315, 316, 318, 319, 321, 322, 325, 342, 355, 370, 371, 374, 377, 378, 380, 381, 383, 385, 387, 388, 389, 403, 404, 409, 410, 411, 412, 413, 416, 417, 420, 421, 423, 424, 425, 426, 427, 430, 433, 434], "summary": {"covered_lines": 91, "num_statements": 93, "percent_covered": 97.84946236559139, "percent_covered_display": "98", "missing_lines": 2, "excluded_lines": 0}, "missing_lines": [405, 406], "excluded_lines": [], "functions": {"run": {"executed_lines": [10, 11, 12], "summary": {"covered_lines": 3, "num_statements": 3, "percent_covered": 100.0, "percent_covered_display": "100", "missing_lines": 0, "excluded_lines": 0}, "missing_lines": [], "excluded_lines": []}, "test_scan_performance": {"executed_lines": [17, 19, 36, 37, 40], "summary": {"covered_lines": 5, "num_statements": 5, "percent_covered": 100.0, "percent_covered_display": "100", "missing_lines": 0, "excluded_lines": 0}, "missing_lines": [], "excluded_lines": []}, "test_rules_performance": {"executed_lines": [46, 63, 65, 78, 79, 82], "summary": {"covered_lines": 6, "num_statements": 6, "percent_covered": 100.0, "percent_covered_display": "100", "missing_lines": 0, "excluded_lines": 0}, "missing_lines": [], "excluded_lines": []}, "test_cluster_performance": {"executed_lines": [88, 105, 118, 120, 135, 136, 139], "summary": {"covered_lines": 7, "num_statements": 7, "percent_covered": 100.0, "percent_covered_display": "100", "missing_lines": 0, "excluded_lines": 0}, "missing_lines": [], "excluded_lines": []}, "test_organize_performance": {"executed_lines": [145, 162, 175, 190, 192, 213, 214, 217], "summary": {"covered_lines": 8, "num_statements": 8, "percent_covered": 100.0, "percent_covered_display": "100", "missing_lines": 0, "excluded_lines": 0}, "missing_lines": [], "excluded_lines": []}, "test_full_pipeline_performance": {"executed_lines": [222, 225, 242, 255, 270, 291, 304, 305, 308, 311, 312], "summary": {"covered_lines": 11, "num_statements": 11, "percent_covered": 100.0, "percent_covered_display": "100", "missing_lines": 0, "excluded_lines": 0}, "missing_lines": [], "excluded_lines": []}, "test_memory_usage": {"executed_lines": [318, 319, 321, 322, 325, 342, 355, 370, 371, 374], "summary": {"covered_lines": 10, "num_statements": 10, "percent_covered": 100.0, "percent_covered_display": "100", "missing_lines": 0, "excluded_lines": 0}, "missing_lines": [], "excluded_lines": []}, "test_concurrent_operations": {"executed_lines": [380, 381, 383, 385, 409, 410, 411, 412, 413, 416, 417, 420, 421, 423, 424, 425, 426, 427, 430, 433, 434], "summary": {"covered_lines": 21, "num_statements": 21, "percent_covered": 100.0, "percent_covered_display": "100", "missing_lines": 0, "excluded_lines": 0}, "missing_lines": [], "excluded_lines": []}, "test_concurrent_operations.run_scan_task": {"executed_lines": [387, 388, 389, 403, 404], "summary": {"covered_lines": 5, "num_statements": 7, "percent_covered": 71.42857142857143, "percent_covered_display": "71", "missing_lines": 2, "excluded_lines": 0}, "missing_lines": [405, 406], "excluded_lines": []}, "": {"executed_lines": [2, 3, 4, 5, 6, 9, 15, 43, 85, 142, 220, 315, 316, 377, 378], "summary": {"covered_lines": 15, "num_statements": 15, "percent_covered": 100.0, "percent_covered_display": "100", "missing_lines": 0, "excluded_lines": 0}, "missing_lines": [], "excluded_lines": []}}, "classes": {"": {"executed_lines": [2, 3, 4, 5, 6, 9, 10, 11, 12, 15, 17, 19, 36, 37, 40, 43, 46, 63, 65, 78, 79, 82, 85, 88, 105, 118, 120, 135, 136, 139, 142, 145, 162, 175, 190, 192, 213, 214, 217, 220, 222, 225, 242, 255, 270, 291, 304, 305, 308, 311, 312, 315, 316, 318, 319, 321, 322, 325, 342, 355, 370, 371, 374, 377, 378, 380, 381, 383, 385, 387, 388, 389, 403, 404, 409, 410, 411, 412, 413, 416, 417, 420, 421, 423, 424, 425, 426, 427, 430, 433, 434], "summary": {"covered_lines": 91, "num_statements": 93, "percent_covered": 97.84946236559139, "percent_covered_display": "98", "missing_lines": 2, "excluded_lines": 0}, "missing_lines": [405, 406], "excluded_lines": []}}}}, "totals": {"covered_lines": 563, "num_statements": 2204, "percent_covered": 25.544464609800364, "percent_covered_display": "26", "missing_lines": 1641, "excluded_lines": 59}}